EntrezID	EnsemblID	Name	BCG FC	BCG Pval	BGlucan FC	BGlucan Pval	Candida FC	Candida Pval	Crypto FC	Crypto Pval	IFN FC	IFN Pval	LPS FC	LPS Pval	Salm FC	Salm Pval	Strep FC	Strep Pval	TDM FC	TDM Pval	
10008	ENSG00000175538	KCNE3									-3.7684	0.0232									
100131234	ENSG00000229989	MIR181A1HG													-5.0635	0.0315					
100134937																	-3.8962	0.045			
100188893	ENSG00000214736	TOMM6			-3.6657	0.0131															
100302650			5.875440658	0.0457	7.173601148	0.0105	15.22070015	0.0381	5.602240896	0.0069									14.45086705	0.0001	
10044	ENSG00000095370	SH2D3C											-4.6811	0.0402							
100500818	ENSG00000266698	MIR3945					16.83501684	0.0275			9.157509158	0.0078	31.44654088	0.0475	29.49852507	0.0028	32.25806452	0.0066			
100505622	ENSG00000254887	CTC-378H22.1									-4.0071	0.0169									
100505641	ENSG00000225733	FGD5-AS1											-4.4993	0.0485							
100505702	ENSG00000251442	LINC01094					-5.8111	0.0149					-5.8893	0.0128	-7.645	0.0026			-3.2606	0.0219	
100507419	ENSG00000261971	RP11-473M20.7									6.169031462	0.027									
10068	ENSG00000137496	IL18BP									11.52073733	0.0037									
10073	ENSG00000169371	SNUPN			11.41552511	0.0011			6.605019815	0.0028									9.861932939	0.0023	
100859930	ENSG00000278970	HEIH											-5.1206	0.0255							
10106	ENSG00000175215	CTDSP2	-2.7564	0.0479									-6.9044	0.0049	-6.2525	0.0095	-4.3135	0.024			
10123	ENSG00000188042	ARL4C											-6.6669	0.0051	-6.9009	0.0052					
10129	ENSG00000073910	FRY					-4.621	0.0477													
10148	ENSG00000105246	EBI3											32.25806452	0.0446	35.46099291	0.0017					
10154	ENSG00000136040	PLXNC1									-3.3584	0.0383									
10161	ENSG00000139679	LPAR6			-4.422	0.0033	-7.8252	0.0021					-4.4809	0.0497	-8.5212	0.0015	-5.4855	0.0037			
10170	ENSG00000073737	DHRS9									-4.6206	0.008	-5.1526	0.0256	-13.6932	0.0001					
10174	ENSG00000120896	SORBS3											-5.8598	0.0118	-5.9654	0.0134	-4.1125	0.0214			
10184	ENSG00000145685	LHFPL2									8.952551477	0.0091									
10199	ENSG00000124383	MPHOSPH10															-4.0901	0.0304			
10215	ENSG00000205927	OLIG2													-7.1872	0.0048					
10221	ENSG00000173334	TRIB1																	8.354218881	0.0047	
10228	ENSG00000135823	STX6			-3.1834	0.0387	-6.2823	0.0099											-2.9512	0.0379	
10248	ENSG00000172336	POP7			-3.4401	0.0254															
10253	ENSG00000136158	SPRY2																	13.1061599	0.0003	
10287	ENSG00000171700	RGS19	-2.9199	0.0318	-3.908	0.01	-8.6752	0.001			-3.5178	0.0338	-11.9451	0.0002	-18.8939	0	-5.3841	0.0053	-3.2218	0.0216	
10318	ENSG00000145901	TNIP1			5.157297576	0.0411			4.111842105	0.043					40.32258065	0.0011					
10346	ENSG00000132274	TRIM22									5.473453749	0.0408									
10402	ENSG00000064225	ST3GAL6									-4.8154	0.0058									
10422	ENSG00000130560	UBAC1													-4.9038	0.0359					
10457	ENSG00000136235	GPNMB									-7.8423	0			-6.3661	0.0075					
10460	ENSG00000013810	TACC3											-5.9689	0.0107	-6.4793	0.0079					
10461	ENSG00000153208	MERTK	-2.7858	0.0483	-3.7183	0.013	-20.7257	0			-10.0537	0	-17.903	0	-28.3597	0	-7.7572	0.0003			
10485	ENSG00000125462	C1orf61													13.83125864	0.0307					
10493	ENSG00000108828	VAT1											-4.9424	0.0311			-3.9401	0.0398			
1050	ENSG00000245848	CEBPA			-4.2997	0.0045	-7.9617	0.0022	-4.1926	0.0027			-9.9	0.0005	-11.6878	0.0002	-11.4943	0			
10507	ENSG00000187764	SEMA4D																	-2.9639	0.0343	
10509	ENSG00000185033	SEMA4B					-4.9376	0.0361											-3.29	0.0216	
10537	ENSG00000206513	UBD									15.50387597	0.0013									
10538	ENSG00000156127	BATF									13.6239782	0.0022									
10544	ENSG00000101000	PROCR									6.531678641	0.0241									
10561	ENSG00000137965	IFI44									5.546311703	0.0398									
1059	ENSG00000125817	CENPB											-4.7305	0.0364							
10613	ENSG00000107566	ERLIN1									18.90359168	0.0007									
10615	ENSG00000076382	SPAG5			6.578947368	0.0162	15.625	0.0338											5.246589717	0.0434	
10616	ENSG00000125826	RBCK1									8.445945946	0.0101									
10634	ENSG00000185340	GAS2L1					-4.7568	0.0406													
10636	ENSG00000169220	RGS14			-3.5471	0.0198			-3.7459	0.0086			-6.0535	0.01	-7.7048	0.0026	-4.0785	0.0306			
10673	ENSG00000102524	TNFSF13B									5.955926147	0.0317									
1070	ENSG00000153140	CETN3													-5.1272	0.0292					
10712	ENSG00000160767	FAM189B															-4.2066	0.029			
10783	ENSG00000119408	NEK6					-5.166	0.0277					-4.8387	0.035	-4.9676	0.0332					
10791	ENSG00000168899	VAMP5									6.506180872	0.0241									
10845	ENSG00000166855	CLPX													-5.6103	0.0192					
10855	ENSG00000173083	HPSE					-4.7463	0.045					-4.7572	0.0362	-5.9909	0.0126					
10859	ENSG00000276452	LILRB1					-6.5951	0.0063									-3.9555	0.037			
10871	ENSG00000167850	CD300C									-3.4859	0.0409									
10938	ENSG00000110047	EHD1	6.882312457	0.0274											16.58374793	0.0173					
10964	ENSG00000137959	IFI44L									5.93824228	0.032									
10993	ENSG00000135094	SDS					-6.1207	0.0106			-3.779	0.0239	-14.8839	0.0001	-28.4298	0					
1102	ENSG00000136161	RCBTB2	-3.3998	0.0109	-4.0425	0.0091	-8.0826	0.0018					-6.2705	0.0082	-6.9734	0.005	-6.1691	0.0017	-4.2936	0.0031	
11027	ENSG00000239998	LILRA2			-3.2084	0.0331					-3.5009	0.0366			-5.2857	0.0241					
11165	ENSG00000272325	NUDT3																	-3.1656	0.023	
11182	ENSG00000160326	SLC2A6													14.26533524	0.0267					
11186	ENSG00000068028	RASSF1			-3.2744	0.0304									-6.103	0.012	-4.6343	0.0148			
11188	ENSG00000010322	NISCH													-4.782	0.0402					
11212	ENSG00000147471	PROSC											-4.7016	0.0377							
11217	ENSG00000157654	PALM2-AKAP2													13.22751323	0.0339					
11260	ENSG00000184575	XPOT					-6.3002	0.01													
112616	ENSG00000153551	CMTM7													-4.7337	0.0417					
11262	ENSG00000079263	SP140									5.205622072	0.048									
11282	ENSG00000161013	MGAT4B					-8.3129	0.002					-4.6586	0.0404							
113	ENSG00000121281	ADCY7					-5.5854	0.0198							-5.7938	0.0144					
113000	ENSG00000007376	RPUSD1													-5.1641	0.0285					
113026	ENSG00000161714	PLCD3					-5.2848	0.0236			-4.0791	0.0129	-6.5764	0.0068	-5.3261	0.0242	-4.8345	0.0114			
11314	ENSG00000167851	CD300A													-5.328	0.0243					
11320	ENSG00000071073	MGAT4A			-4.363	0.0047	-5.7784	0.0163							-5.7106	0.0178	-3.8809	0.0472	-2.9164	0.0419	
113540	ENSG00000089505	CMTM1			-3.1039	0.0447															
113675	ENSG00000139410	SDSL																	5.219206681	0.0405	
114548	ENSG00000162711	NLRP3															25.3164557	0.0148			
114609	ENSG00000150455	TIRAP			-3.1476	0.038	-6.5837	0.0071					-5.0649	0.027			-4.8528	0.0115			
114614	ENSG00000234883	MIR155HG	10.34126163	0.0039	22.93577982	0	208.3333333	0	4.215851602	0.0458			322.5806452	0.0002	270.2702703	0	153.8461538	0			
114826	ENSG00000186532	SMYD4			-3.0729	0.0429															
114885	ENSG00000144909	OSBPL11					-4.8833	0.0383					-5.1159	0.0264	-6.5501	0.0071	-4.1545	0.0304			
114932	ENSG00000178988	MRFAP1L1															-3.9631	0.0387			
115004	ENSG00000164430	MB21D1									15.08295626	0.0016									
115207	ENSG00000178695	KCTD12	-2.9321	0.0286									-5.5126	0.0191							
115361	ENSG00000162654	GBP4									26.9541779	0.0002									
115362	ENSG00000154451	GBP5									71.42857143	0									
1154	ENSG00000114737	CISH									6.729475101	0.0218									
115548	ENSG00000157107	FCHO2					-7.4163	0.0035													
115761	ENSG00000152213	ARL11					-6.1238	0.0108					-5.0303	0.0295	-5.0403	0.0318	-5.1069	0.0075			
115992	ENSG00000158717	RNF166			-3.9827	0.0083							-4.7748	0.0372	-5.2535	0.0264					
116071	ENSG00000168062	BATF2									85.47008547	0									
116138	ENSG00000124702	KLHDC3													-5.2837	0.0253					
116211	ENSG00000145107	TM4SF19																	14.5137881	0.0001	
116448	ENSG00000184221	OLIG1					-5.8787	0.0126					-4.3737	0.0458			-5.743	0.0019			
116985	ENSG00000186635	ARAP1											-5.7649	0.0148							
117247	ENSG00000112394	SLC16A10							4.55996352	0.0229											
117289	ENSG00000164691	TAGAP									11.9760479	0.0032									
118932	ENSG00000152766	ANKRD22									74.07407407	0									
119392	ENSG00000156384	SFR1													17.42160279	0.0149					
120224	ENSG00000151715	TMEM45B											-4.8617	0.0354			-3.9011	0.045			
120892	ENSG00000188906	LRRK2													-4.5772	0.0476					
122961	ENSG00000165898	ISCA2											-4.4373	0.0494							
1236	ENSG00000126353	CCR7					22.88329519	0.0093							12.62626263	0.0381	16.02564103	0.0471			
123920	ENSG00000140931	CMTM3											-5.7704	0.0146	-6.1025	0.0109					
124222	ENSG00000162073	PAQR4													-6.0775	0.012	-4.2649	0.0279			
124460	ENSG00000167208	SNX20					-4.7081	0.0491			7.293946025	0.0169									
124997	ENSG00000167716	WDR81											-7.094	0.0044	-5.2489	0.0267	-3.9774	0.0399			
126282	ENSG00000185361	TNFAIP8L1					-7.52	0.003			-3.37	0.0419	-5.9723	0.013	-7.7249	0.0028					
126364	ENSG00000175489	LRRC25					-6.937	0.0047					-11.3078	0.0002	-9.4467	0.0008	-4.3632	0.0223	-3.2716	0.0191	
127262	ENSG00000158109	TPRG1L					-7.0612	0.0044					-7.461	0.003	-5.9207	0.0126	-3.8184	0.045			
128346	ENSG00000143110	C1orf162													-5.038	0.0317					
1294	ENSG00000114270	COL7A1													-5.1378	0.0295					
129607	ENSG00000134326	CMPK2									25.12562814	0.0002									
130367	ENSG00000163082	SGPP2			9.633911368	0.0021			4.327131112	0.0396					29.58579882	0.0028					
133396	ENSG00000164509	IL31RA									15.94896332	0.0012									
133619	ENSG00000164244	PRRC1					-4.8898	0.0384													
135	ENSG00000128271	ADORA2A			14.64128843	0.0002			4.496402878	0.0257					47.84688995	0.0006					
135112	ENSG00000111912	NCOA7									14.70588235	0.0017	48.7804878	0.0196	19.96007984	0.0099	29.85074627	0.0083			
136	ENSG00000170425	ADORA2B									-3.7289	0.0229									
137994	ENSG00000165046	LETM2									-4.1093	0.012									
1390	ENSG00000095794	CREM							6.056935191	0.0037	6.497725796	0.025									
140	ENSG00000121933	ADORA3			-6.3234	0	-7.2726	0.0038	-4.9289	0.0005	-6.5396	0.0002	-7.4455	0.0029	-7.4455	0.003	-6.5386	0.001			
140691	ENSG00000185880	TRIM69									7.942811755	0.0125									
1435	ENSG00000184371	CSF1			8.051529791	0.0067					5.917159763	0.0319							5.530973451	0.0396	
1436	ENSG00000182578	CSF1R					-5.2615	0.0269			-3.4832	0.0381	-8.2643	0.0018	-6.2773	0.0094					
1437	ENSG00000164400	CSF2			7.587253414	0.0095	78.125	0							34.12969283	0.0018	44.64285714	0.0023			
1439	ENSG00000100368	CSF2RB									6.99790063	0.0193									
1440	ENSG00000108342	CSF3					22.27171492	0.0115					56.81818182	0.0147	147.0588235	0					
144100	ENSG00000166689	PLEKHA7									5.66893424	0.0359									
144455	ENSG00000165891	E2F7													16.92047377	0.0168					
144717	ENSG00000198324	FAM109A									-3.3507	0.0408									
144811	ENSG00000179630	LACC1					-4.9812	0.035													
145864	ENSG00000140511	HAPLN3									22.37136465	0.0003									
146542	ENSG00000229809	ZNF688											-5.0261	0.0282	-4.8145	0.038					
146880	ENSG00000215769	MIR6080					-8.7997	0.001									-5.1932	0.0073			
147040	ENSG00000213859	KCTD11											-4.6782	0.0401			-4.0722	0.0326			
1474	ENSG00000175315	CST6			-4.2684	0.0046	-13.4807	0.0002			-6.7885	0.0002	-6.6985	0.0062	-8.1118	0.0022	-4.8504	0.0096			
1477	ENSG00000101138	CSTF1											-4.6139	0.0434							
148479	ENSG00000116273	PHF13					-5.1994	0.0267					-6.027	0.0107			-4.2794	0.0237			
148823	ENSG00000169224	GCSAML																	5.425935974	0.0423	
149986	ENSG00000149657	LSM14B											-4.899	0.0342							
150290	ENSG00000167065	DUSP18					-5.3212	0.0249											-3.1016	0.0276	
1509	ENSG00000117984	CTSD											-5.8032	0.0126							
151306	ENSG00000179921	GPBAR1													-5.1228	0.0299					
151525	ENSG00000196151	WDSUB1													-6.4425	0.0087	-4.317	0.0211			
152225	ENSG00000214407	RP11-221J22.1	9.832841691	0.0049			51.8134715	0.0005							19.19385797	0.0111	70.42253521	0.0005			
1524	ENSG00000168329	CX3CR1											-4.823	0.0352							
152518	ENSG00000170448	NFXL1	-2.8145	0.0459																	
154092	ENSG00000236700	LINC01010																	7.434944238	0.0104	
1543	ENSG00000140465	CYP1A1									8.403361345	0.0105	-4.7361	0.0349	-4.7361	0.0385					
1545	ENSG00000138061	CYP1B1					-5.7186	0.0173													
155038	ENSG00000171115	GIMAP8	-3.2295	0.018	-3.6891	0.0184			-3.5042	0.012	5.449591281	0.0412	-4.9109	0.0335	-5.7035	0.0169	-4.1743	0.0303	-3.5009	0.0171	
155061	ENSG00000181220	ZNF746															-3.8335	0.0451			
159	ENSG00000035687	ADSS									-5.2378	0.0022	-4.5891	0.0439	-5.1063	0.0303					
1591	ENSG00000019186	CYP24A1			-3.1489	0.0338															
1601	ENSG00000153071	DAB2					-6.155	0.0108					-6.8036	0.006	-9.5847	0.0008	-4.3862	0.0159			
1606	ENSG00000065357	DGKA													-4.965	0.034					
162427	ENSG00000141699	FAM134C											-4.5837	0.0434	-4.8279	0.0374					
162466	ENSG00000173868	PHOSPHO1			-4.6664	0.0021							-4.8693	0.034	-4.9338	0.0331					
162979	ENSG00000170684	ZNF296															-3.8328	0.0446			
165904	ENSG00000168334	XIRP1	11.77856302	0.0014															14.5137881	0.0002	
165918	ENSG00000163961	RNF168											-5.5344	0.0168	-5.2858	0.0248					
1662	ENSG00000178105	DDX10													11.64144354	0.0498					
1672	ENSG00000164825	DEFB1									5.906674542	0.0326									
168537	ENSG00000179144	GIMAP7	-4.6894	0.001	-7.6926	0	-8.9903	0.0011	-5.8571	0					-9.4183	0.0009	-6.1068	0.0016	-4.611	0.0022	
1687	ENSG00000105928	DFNA5													21.59827214	0.0076					
170575	ENSG00000213203	GIMAP1			-5.2529	0.0008	-6.8341	0.0061	-4.2969	0.0021			-5.0972	0.0273	-10.6777	0.0004	-5.5675	0.0042			
170954	ENSG00000234000	PPP1R18					-6.4443	0.0083													
171024	ENSG00000172403	SYNPO2											34.48275862	0.0391	18.21493625	0.0141					
1774	ENSG00000013563	DNASE1L1					-6.0545	0.0116													
1777	ENSG00000105612	DNASE2					-7.9134	0.0023					-4.6391	0.0402	-5.4846	0.0198	-3.8087	0.0364			
1796	ENSG00000115325	DOK1			-3.3043	0.0313	-6.1078	0.0108					-8.2065	0.002	-8.5635	0.0014	-6.3304	0.0012			
1808	ENSG00000092964	DPYSL2											-6.0308	0.0107							
182	ENSG00000101384	JAG1									6.872852234	0.0203									
1824	ENSG00000134755	DSC2																	-3.0793	0.0262	
1827	ENSG00000159200	RCAN1	6.523157208	0.0327	10.26694045	0.0019	35.58718861	0.0018	4.492362983	0.0278									10.86956522	0.0013	
1831	ENSG00000157514	TSC22D3							-3.0788	0.0392			-6.8126	0.0062	-5.518	0.0206	-4.4784	0.0196			
1836	ENSG00000155850	SLC26A2	10.55966209	0.0034	8.37520938	0.0063			8.417508418	0.0007									11.46788991	0.0011	
1838	ENSG00000138101	DTNB									5.571030641	0.0381									
1845	ENSG00000108861	DUSP3									6.226650062	0.0274									
1846	ENSG00000120875	DUSP4			8.382229673	0.0049			7.830853563	0.0007							20.32520325	0.0255	6.752194463	0.0162	
1849	ENSG00000164086	DUSP7			-3.3851	0.0245	-5.0143	0.0278	-3.5731	0.0096			-6.6525	0.0063	-8.9437	0.0011	-5.2	0.0075			
1861	ENSG00000136827	TOR1A					-5.0862	0.0313													
1889	ENSG00000117298	ECE1													14.81481481	0.0243					
1894	ENSG00000114346	ECT2			-2.9834	0.0474															
1901	ENSG00000170989	S1PR1					-5.8656	0.0146			-3.4006	0.0435									
1906	ENSG00000078401	EDN1	9.596928983	0.0056			86.20689655	0							13.58695652	0.0328	59.52380952	0.0009			
1912	ENSG00000134686	PHC2					-4.7964	0.0438					-6.256	0.0092							
1915	ENSG00000156508	EEF1A1			5.446623094	0.0413															
193629	ENSG00000215533	LINC00189																	-2.7836	0.0424	
1959	ENSG00000122877	EGR2			11.23595506	0.0008			6.523157208	0.0029											
1960	ENSG00000179388	EGR3			5.319148936	0.047													7.309941521	0.0118	
197259	ENSG00000168404	MLKL									6.049606776	0.0298									
1977	ENSG00000151247	EIF4E	6.464124111	0.0329	5.509641873	0.0419													8.756567426	0.0041	
1998	ENSG00000109381	ELF2			-3.2907	0.0289									-4.7904	0.0386					
200298	ENSG00000269220	LINC00528	6.188118812	0.0457																	
201176	ENSG00000159314	ARHGAP27	-3.2167	0.0183			-5.7828	0.0161	-2.9416	0.0455			-8.1262	0.0018	-9.1186	0.0009	-4.7101	0.0138	-3.2616	0.0212	
2022	ENSG00000106991	ENG					-8.0358	0.0022					-6.512	0.0072							
202309	ENSG00000175857	GAPT					-6.2181	0.0091									-3.9048	0.0394			
203100	ENSG00000169495	HTRA4			5.896226415	0.0322					6.626905235	0.0228									
2048	ENSG00000133216	EPHB2					-5.6347	0.0185					-4.5416	0.0463							
2069	ENSG00000124882	EREG	6.00240096	0.0486											15.40832049	0.0218					
2114	ENSG00000157557	ETS2			6.583278473	0.0162	14.57725948	0.0433													
2123	ENSG00000126860	EVI2A													-4.989	0.0317					
2124	ENSG00000185862	EVI2B			-3.2155	0.0334	-5.345	0.025			-4.0393	0.0133			-11.6168	0.0002	-4.1616	0.0302			
2152	ENSG00000117525	F3	16.12903226	0.0001	10.20408163	0.0017	46.94835681	0.0007					73.52941176	0.0089	104.1666667	0.0001	41.49377593	0.003			
219285	ENSG00000177409	SAMD9L									12.36093943	0.0031									
219402	ENSG00000122033	MTIF3											-4.6549	0.0414	-6.8277	0.0055					
219539	ENSG00000166793	YPEL4	-3.0094	0.0272	-3.2471	0.0333	-6.8042	0.006					-12.7769	0.0002	-11.8942	0.0002	-4.1364	0.032			
219855	ENSG00000134955	SLC37A2													-5.0842	0.0299					
220323	ENSG00000184232	OAF									-3.5207	0.0383									
221079	ENSG00000165997	ARL5B					15.52795031	0.0354													
221416	ENSG00000181577	C6orf223							4.486316734	0.0223											
221472	ENSG00000146192	FGD2							-3.0116	0.0409											
221937	ENSG00000164916	FOXK1											-5.1489	0.0261							
221955	ENSG00000164535	DAGLB					-5.4024	0.0233					-6.456	0.0073	-7.8331	0.0023	-4.4182	0.0209			
222255	ENSG00000146776	ATXN7L1			-3.0414	0.0474			-3.8818	0.0043							-4.48	0.0199			
2242	ENSG00000182511	FES													-4.5383	0.0485					
2275	ENSG00000183386	FHL3					-6.0524	0.0123					-6.2603	0.0089	-6.0688	0.012	-5.1943	0.0076			
22822	ENSG00000139289	PHLDA1	9.940357853	0.004							-3.5502	0.0331							8.110300081	0.0052	
22838	ENSG00000146083	RNF44			-4.2492	0.0051							-5.8754	0.0135	-5.6005	0.0189	-5.6531	0.0035			
22846	ENSG00000071246	VASH1					-7.7851	0.0027					-4.9395	0.0305	-5.6688	0.0178			-3.5026	0.0139	
22853	ENSG00000164715	LMTK2									7.930214116	0.0127									
22877	ENSG00000175727	MLXIP											-6.7096	0.006			-4.3318	0.0234			
22884	ENSG00000047056	WDR37													-4.782	0.0396					
22891	ENSG00000138311	ZNF365	11.31221719	0.0017	12.07729469	0.0004	22.32142857	0.0096	6.108735492	0.0023					11.8623962	0.041			13.29787234	0.0004	
22900	ENSG00000105483	CARD8					-5.7889	0.0164													
22904	ENSG00000064932	SBNO2									13.19261214	0.0023									
22937	ENSG00000114650	SCAP											-4.6204	0.0433							
23022	ENSG00000129116	PALLD							-3.5939	0.0087	-5.4132	0.0011	-5.8014	0.0142	-5.2012	0.0254					
23034	ENSG00000020577	SAMD4A									5.70450656	0.036							-2.7926	0.0492	
23060	ENSG00000180357	ZNF609																	-3.0087	0.0331	
23061	ENSG00000197226	TBC1D9B											-4.6454	0.0403							
23067	ENSG00000139718	SETD1B	-2.8	0.0477			-6.6502	0.0063					-6.623	0.0067	-5.3024	0.0248	-6.0358	0.0018			
23111	ENSG00000133104	SPG20					16.47446458	0.0297									21.45922747	0.0228			
23129	ENSG00000004399	PLXND1											-4.9699	0.0312			-3.9542	0.0375			
2313	ENSG00000151702	FLI1													-4.8631	0.0352					
23149	ENSG00000130475	FCHO1													-5.1652	0.028					
23150	ENSG00000114541	FRMD4B																	-3.0181	0.0336	
23151	ENSG00000075240	GRAMD4			-4.4752	0.0038	-5.854	0.0145			-3.6263	0.0268	-6.4917	0.0074	-6.6455	0.007					
2317	ENSG00000136068	FLNB					-5.2912	0.0253					-5.9945	0.0109							
23187	ENSG00000019144	PHLDB1							4.297378599	0.031									5.288207298	0.044	
23189	ENSG00000107104	KANK1	9.652509653	0.0049	22.37136465	0	21.36752137	0.0129	5.151983514	0.014					26.31578947	0.0042			5.81733566	0.0343	
2321	ENSG00000102755	FLT1																	6.321112516	0.0212	
23307	ENSG00000119321	FKBP15													-4.6314	0.0453					
23313	ENSG00000100364	KIAA0930											-5.3019	0.0217	-5.39	0.0236					
23317	ENSG00000138246	DNAJC13													-7.015	0.005					
23318	ENSG00000134744	ZCCHC11									-3.5351	0.0375									
23329	ENSG00000111490	TBC1D30									12.59445844	0.0027									
23401	ENSG00000181274	FRAT2			-3.3045	0.0291					-3.5399	0.0254	-6.878	0.005	-6.325	0.009	-6.514	0.0012			
23413	ENSG00000107130	NCS1							6.968641115	0.0012											
23462	ENSG00000164683	HEY1							4.191114837	0.0388											
23499	ENSG00000127603	MACF1													-5.5472	0.0183					
23508	ENSG00000133985	TTC9			-3.5288	0.0195															
23529	ENSG00000175505	CLCF1					36.76470588	0.0017									44.84304933	0.0024			
23564	ENSG00000228128	DDAH2					-4.714	0.0378													
23566	ENSG00000171517	LPAR3									-3.687	0.025									
23586	ENSG00000107201	DDX58									13.6425648	0.0022			15.67398119	0.0207					
2359	ENSG00000187474	FPR3					-15.9653	0			-3.6719	0.0244	-11.1695	0.0002	-11.8631	0.0002			-3.1747	0.0218	
23590	ENSG00000148459	PDSS1					22.83105023	0.0097					126.5822785	0.003	76.92307692	0.0001	36.49635037	0.0042			
23601	ENSG00000258227	CLEC5A									-3.8362	0.0234									
23613	ENSG00000101040	ZMYND8							-3.0073	0.0398					-5.0949	0.0296					
23659	ENSG00000103066	PLA2G15													-5.6259	0.0179	-4.5908	0.0154			
23677	ENSG00000130147	SH3BP4											-4.5705	0.0418							
23764	ENSG00000185022	MAFF			8.865248227	0.0036			5.136106831	0.0121	7.267441861	0.017									
23780	ENSG00000128335	APOL2									11.9760479	0.0032									
24138	ENSG00000152778	IFIT5									6.230529595	0.0276					17.06484642	0.0437			
2517	ENSG00000179163	FUCA1	-2.5691	0.0286	-2.9335	0.0245	-6.8731	0.0031					-6.929	0.0028	-8.0854	0.0018	-4.6102	0.0074	-3.1581	0.0142	
2533	ENSG00000082074	FYB	-2.8031	0.0431	-3.8546	0.012	-7.3348	0.0038					-5.4022	0.0196	-8.4722	0.0015	-6.0432	0.0017	-3.1915	0.0215	
2539	ENSG00000160211	G6PD											-4.5351	0.0468							
255231	ENSG00000153898	MCOLN2					17.79359431	0.0223					48.07692308	0.0183	37.03703704	0.0013	20.49180328	0.0255			
255488	ENSG00000137393	RNF144B													18.01801802	0.0142					
257106	ENSG00000186517	ARHGAP30											-4.827	0.0363	-5.6646	0.0168					
25777	ENSG00000100242	SUN2													-5.1138	0.0294					
25816	ENSG00000145779	TNFAIP8			7.818608288	0.0073	18.05054152	0.0224					39.84063745	0.0313	29.58579882	0.0028	19.12045889	0.032			
25819	ENSG00000151014	CCRN4L									5.646527386	0.0375			17.73049645	0.0142					
25841	ENSG00000166016	ABTB2													11.7370892	0.0489					
25853	ENSG00000198876	DCAF12					-7.3721	0.0039					-4.8348	0.0352							
25898	ENSG00000163743	RCHY1													-4.6099	0.045					
25900	ENSG00000010295	IFFO1	-3.5376	0.009			-13.8664	0					-8.6359	0.0015	-12.955	0.0002	-3.9891	0.0399	-3.411	0.0136	
25939	ENSG00000101347	SAMHD1																	-2.8317	0.0498	
25943	ENSG00000088854	C20orf194											-5.4892	0.019	-5.0064	0.0306					
25946	ENSG00000161642	ZNF385A											-5.0349	0.0292	-4.6071	0.0485					
25988	ENSG00000172273	HINFP					-5.6628	0.0176					-6.143	0.01	-7.1793	0.0036					
26000	ENSG00000169221	TBC1D10B											-5.1632	0.0256							
26030	ENSG00000126822	PLEKHG3									-3.6451	0.0261									
26100	ENSG00000157954	WIPI2											-4.6654	0.0411	-5.1566	0.0281					
2622	ENSG00000141013	GAS8									6.93481276	0.02									
26234	ENSG00000118564	FBXL5									7.680491552	0.0144									
26268	ENSG00000112146	FBXO9											-5.4588	0.019							
26270	ENSG00000116663	FBXO6									12.70648031	0.0027									
2633	ENSG00000117228	GBP1			5.800464037	0.0313					131.5789474	0	51.02040816	0.0183	30.48780488	0.0025	19.88071571	0.0294			
2634	ENSG00000162645	GBP2									5.55247085	0.0391									
2635	ENSG00000117226	GBP3	7.776049767	0.0169			44.64285714	0.0007			6.116207951	0.0297	59.17159763	0.0137	30.48780488	0.0025	53.19148936	0.0013			
2646	ENSG00000084734	GCKR													17.6366843	0.0151					
26469	ENSG00000072135	PTPN18											-4.6282	0.0412	-4.639	0.0441	-4.0905	0.0334			
26472	ENSG00000173457	PPP1R14B					-5.8518	0.0147													
26499	ENSG00000100558	PLEK2			-3.2994	0.0292	-6.2285	0.0107			-6.089	0.0008									
2650	ENSG00000187210	GCNT1			-3.1313	0.0403									-5.814	0.0143	-3.9301	0.043			
2651	ENSG00000111846	GCNT2			-4.4026	0.0043															
2669	ENSG00000164949	GEM	8.849557522	0.0065	8.52514919	0.0045	25.83979328	0.0054	3.888024883	0.0429							20.70393375	0.0224	6.684491979	0.015	
2696	ENSG00000010310	GIPR																	5.479452055	0.0396	
27	ENSG00000143322	ABL2			5.720823799	0.0364													6.863417982	0.015	
27013	ENSG00000115649	CNPPD1					-5.8145	0.0151					-4.9978	0.0303	-6.0507	0.0119					
27032	ENSG00000017260	ATP2C1			5.896226415	0.0323									12.07729469	0.0446					
27034	ENSG00000151498	ACAD8			-3.274	0.0292									-4.7527	0.0373					
27036	ENSG00000168995	SIGLEC7									-4.2571	0.0118									
27040	ENSG00000213658	LAT									-3.8255	0.0224									
2706	ENSG00000165474	GJB2	7.745933385	0.0146	12.93661061	0.0005	38.02281369	0.0015	7.288629738	0.0009			33.67003367	0.0408	39.68253968	0.0011	19.01140684	0.0322			
27074	ENSG00000078081	LAMP3					15.06024096	0.0363					39.21568627	0.0314	27.47252747	0.0037					
27076	ENSG00000124466	LYPD3													13.96648045	0.0288					
27106	ENSG00000105643	ARRDC2					-4.9259	0.036			-4.4075	0.0101	-9.2807	0.0008	-17.0764	0	-8.6732	0.0001			
27113	ENSG00000105327	BBC3															-4.4541	0.0199			
27180	ENSG00000129450	SIGLEC9					-7.8884	0.0021			-3.519	0.0375	-5.4932	0.018	-4.6917	0.044	-4.6398	0.0144			
272	ENSG00000133805	AMPD3					-5.5491	0.0191			-3.5544	0.0363									
27202	ENSG00000134830	C5AR2									-3.5034	0.0331			-4.7487	0.0417					
27299	ENSG00000134028	ADAMDEC1									12.87001287	0.0024			13.51351351	0.0322					
27316	ENSG00000147274	RBMX											-5.0989	0.0266							
2752	ENSG00000135821	GLUL											-5.858	0.013	-5.4201	0.0224					
2774	ENSG00000141404	GNAL							4.675081814	0.0229											
2778	ENSG00000087460	GNAS											-4.4244	0.05							
282974	ENSG00000165752	STK32C					-5.9937	0.012					-7.7528	0.0024	-5.0472	0.0312	-4.1487	0.0309			
283149	ENSG00000186174	BCL9L									-4.2302	0.0123									
283219	ENSG00000188997	KCTD21					-4.8653	0.0399									-4.3799	0.0204			
283337	ENSG00000139651	ZNF740					-4.7448	0.0468					-7.7729	0.0024	-8.3083	0.0016	-4.2705	0.0252			
283416	ENSG00000221949	LINC01465													13.69863014	0.0311					
283464	ENSG00000151233	GXYLT1													-4.6655	0.044	-3.8132	0.0482			
283487	ENSG00000255874	LINC00346	7.173601148	0.0221	7.651109411	0.0082	22.52252252	0.0108							13.98601399	0.0286					
283489	ENSG00000198824	CHAMP1					-4.7107	0.0469							-5.5019	0.0206	-4.6336	0.0149			
283876	ENSG00000006194	ZNF263									6.693440428	0.0231									
284029	ENSG00000178977	LINC00324					-7.1233	0.0041					-4.7407	0.0377	-5.6496	0.0161					
284058	ENSG00000278458	AC243658.1											-4.8905	0.0344							
284114	ENSG00000181284	TMEM102													-6.2579	0.0095					
284759	ENSG00000196209	SIRPB2													-5.3696	0.0217					
28512	ENSG00000197885	NKIRAS1									5.437737901	0.0416									
285513	ENSG00000185477	GPRIN3			-3.7214	0.0131					-3.7839	0.0236	-6.3747	0.0075	-5.8993	0.0143					
2856	ENSG00000214943	GPR33									5.367686527	0.0423									
285852	ENSG00000188056	TREML4													11.48105626	0.0484					
286336	ENSG00000126882	FAM78A			-5.4809	0.0004	-9.4881	0.0008	-3.5474	0.0126	-4.2713	0.012	-10.476	0.0003	-8.2169	0.0018	-8.281	0			
28958	ENSG00000183978	COA3											-4.6035	0.0433							
28966	ENSG00000064652	SNX24					-5.8407	0.0116					-5.0059	0.0307	-5.5225	0.0199	-4.0671	0.0344			
29109	ENSG00000135723	FHOD1					-6.5224	0.0068			-4.3141	0.0111									
29110	ENSG00000183735	TBK1	6.720430108	0.0325			19.12045889	0.0186									20.36659878	0.0264			
29126	ENSG00000120217	CD274			7.299270073	0.0103	19.92031873	0.0163			116.2790698	0	60.24096386	0.013	39.5256917	0.0012	18.08318264	0.0356			
2919	ENSG00000163739	CXCL1													27.100271	0.004					
2920	ENSG00000081041	CXCL2	12.12121212	0.0013	10.64962726	0.0013	50.25125628	0.0006	5.871990605	0.005					42.37288136	0.001	52.91005291	0.0012			
2921	ENSG00000163734	CXCL3	14.06469761	0.0004	19.34235977	0	72.99270073	0.0001	6.80735194	0.0021			66.66666667	0.0099	91.74311927	0.0001	46.72897196	0.0021			
29760	ENSG00000095585	BLNK									5.330490405	0.0436									
29785	ENSG00000167600	CYP2S1			-3.2069	0.0314	-5.3166	0.0242													
29887	ENSG00000086300	SNX10	7.012622721	0.0282	13.21003963	0.0005	21.18644068	0.0132	4.291845494	0.044			60.24096386	0.014	34.36426117	0.0017					
29919	ENSG00000141452	C18orf8									5.681818182	0.0366									
29946	ENSG00000167565	SERTAD3					-5.1174	0.0241					-7.7712	0.0023	-5.4558	0.0208	-4.106	0.0327			
30009	ENSG00000073861	TBX21									26.10966057	0.0002									
306	ENSG00000138772	ANXA3									6.4808814	0.0252									
3073	ENSG00000213614	HEXA													-5.0745	0.0305					
3087	ENSG00000152804	HHEX			-3.8738	0.0112	-7.2969	0.004	-3.6709	0.0083	-3.2617	0.0478	-5.7518	0.0146	-7.0901	0.0044	-4.8822	0.0112			
3142	ENSG00000136630	HLX									8.849557522	0.0095									
3162	ENSG00000100292	HMOX1									-4.0094	0.0175	-16.872	0.0001	-15.3461	0	-5.0845	0.0072			
3164	ENSG00000123358	NR4A1			6.711409396	0.0151			4.766444233	0.0164											
3363	ENSG00000148680	HTR7																	-3.0252	0.0333	
3383	ENSG00000090339	ICAM1									5.361930295	0.0437									
338442	ENSG00000182782	HCAR2																	5.503577325	0.0386	
338692	ENSG00000172932	ANKRD13D											-5.2149	0.0242			-4.6438	0.0156			
3394	ENSG00000140968	IRF8									5.350454789	0.0445									
339448	ENSG00000198912	C1orf174													-5.106	0.03					
339665	ENSG00000100036	SLC35E4					-6.5199	0.0059					-4.4889	0.0487							
3428	ENSG00000163565	IFI16									10.13171226	0.0055									
3430	ENSG00000068079	IFI35									9.328358209	0.0078									
3431	ENSG00000135899	SP110									19.23076923	0.0007									
3433	ENSG00000119922	IFIT2									27.47252747	0.0002	54.34782609	0.0166	24.75247525	0.0052	20.6185567	0.0256			
3434	ENSG00000185745	IFIT1											32.25806452	0.0478	12.90322581	0.0368	18.5528757	0.0351			
3437	ENSG00000119917	IFIT3	-2.5614	0.0474							43.10344828	0	68.49315068	0.0101	36.900369	0.0013	26.45502646	0.0123			
3455	ENSG00000159110	IFNAR2									5.47645126	0.0403									
3456	ENSG00000171855	IFNB1															34.01360544	0.0056			
347735	ENSG00000168528	SERINC2											-5.6449	0.0152							
348378	ENSG00000182183	FAM159A									-3.5087	0.0381									
348938	ENSG00000172548	NIPAL4			6.269592477	0.0232															
355	ENSG00000026103	FAS									6.385696041	0.0257									
3552	ENSG00000115008	IL1A	13.60544218	0.0005	19.08396947	0	90.09009009	0	10.28806584	0.0001			256.4102564	0.0002	238.0952381	0	144.9275362	0			
3553	ENSG00000125538	IL1B	10.91703057	0.0027	10.46025105	0.0016	59.88023952	0.0002	5.265929437	0.0118			72.46376812	0.0092	102.0408163	0.0001	65.78947368	0.0006			
3554	ENSG00000115594	IL1R1									-3.6813	0.0269									
3557	ENSG00000136689	IL1RN	7.674597084	0.0185	14.70588235	0.0002	47.39336493	0.0007	7.23065799	0.0015			36.76470588	0.0346	30.03003003	0.0028	42.19409283	0.0028	9.416195857	0.0025	
3559	ENSG00000134460	IL2RA									14.22475107	0.0017									
3569	ENSG00000136244	IL6	13.53179973	0.0005	36.36363636	0	270.2702703	0	5.254860746	0.0131			769.2307692	0.0003	1666.666667	0	285.7142857	0			
3574	ENSG00000104432	IL7									17.27115717	0.0011									
3575	ENSG00000168685	IL7R											32.89473684	0.0431	22.67573696	0.0064					
3576	ENSG00000169429	CXCL8	12.31527094	0.0011	13.1061599	0.0004	48.30917874	0.0007	7.698229407	0.0009			60.24096386	0.0135	86.20689655	0.0001	46.2962963	0.0021			
3577	ENSG00000163464	CXCR1			-3.8344	0.0119									-6.845	0.0055			-3.1451	0.0225	
3579	ENSG00000180871	CXCR2	-3.7	0.0057	-5.2323	0.0008	-7.5679	0.0024	-3.0385	0.0243			-5.2335	0.0221	-7.364	0.0033	-4.3684	0.021	-4.5564	0.0036	
3593	ENSG00000113302	IL12B					19.88071571	0.0165									28.8184438	0.0094			
3600	ENSG00000164136	IL15									8.857395926	0.0087									
3603	ENSG00000172349	IL16											-6.4843	0.0073	-7.5035	0.0032					
3606	ENSG00000150782	IL18													14.94768311	0.023					
3611	ENSG00000166333	ILK					-4.7322	0.0471													
3620	ENSG00000131203	IDO1									156.25	0					41.15226337	0.003			
3624	ENSG00000122641	INHBA	22.02643172	0	22.88329519	0	99.00990099	0	8.382229673	0.0006			56.17977528	0.0146	67.56756757	0.0002	97.08737864	0.0002	18.11594203	0	
3627	ENSG00000169245	CXCL10									2000	0	135.1351351	0.0032	30.95975232	0.0025	78.74015748	0.0004	-2.9136	0.0297	
3656	ENSG00000134070	IRAK2			5.630630631	0.0362															
3659	ENSG00000125347	IRF1									11.66861144	0.0037									
366	ENSG00000103569	AQP9	9.699321048	0.0054	13.69863014	0.0005	53.19148936	0.0005	5.130836326	0.0117			54.05405405	0.0156	47.16981132	0.0007	47.61904762	0.0019			
3663	ENSG00000128604	IRF5					-7.1326	0.0044					-4.6529	0.0418			-4.1706	0.0254			
3665	ENSG00000185507	IRF7									9.478672986	0.0069									
3682	ENSG00000083457	ITGAE			-3.0488	0.033							-4.658	0.0366							
3696	ENSG00000105855	ITGB8													25.44529262	0.0044					
3703	ENSG00000134910	STT3A																	5.659309564	0.0373	
3707	ENSG00000143772	ITPKB									-3.9006	0.0172									
3727	ENSG00000130522	JUND													-5.2955	0.0242	-3.9986	0.0363			
373	ENSG00000113595	TRIM23															-3.8692	0.0457			
374659	ENSG00000184508	HDDC3													-4.9072	0.0332					
374872	ENSG00000188305	C19orf35	-4.93	0.001	-3.8999	0.0107	-12.5439	0.0001	-2.941	0.0493			-16.3358	0	-15.9606	0	-6.2117	0.0014	-7.365	0	
3759	ENSG00000123700	KCNJ2					13.8121547	0.0485							22.07505519	0.0076					
378805	ENSG00000231721	LINC-PINT													-5.0224	0.0318					
3872	ENSG00000128422	KRT17									9.174311927	0.0082									
387521	ENSG00000240849	TMEM189					-4.6943	0.0478													
387751	ENSG00000254838	GVINP1									5.260389269	0.0452									
387763	ENSG00000187479	C11orf96					24.75247525	0.0077							15.87301587	0.0204	26.73796791	0.0123			
388115	ENSG00000188549	C15orf52					-5.6139	0.0189			-3.9652	0.0175	-4.9317	0.0328	-5.5169	0.0201					
388325	ENSG00000161929	SCIMP													-4.8293	0.038					
388813	ENSG00000243440	AF165138.7			8.488964346	0.005	14.61988304	0.0433	4.237288136	0.0457					13.47708895	0.0322			8.006405124	0.0061	
389289	ENSG00000177721	ANXA2R									23.25581395	0.0002									
389792	ENSG00000188483	IER5L					-5.7614	0.0149			-3.617	0.0316	-4.5857	0.042	-9.6735	0.0008	-8.0272	0.0003			
3914	ENSG00000196878	LAMB3													22.47191011	0.0065					
3937	ENSG00000043462	LCP2									9.871668312	0.0067									
3976	ENSG00000128342	LIF	7.662835249	0.0149	12.61034048	0.0006	71.42857143	0.0002											11.77856302	0.0007	
3984	ENSG00000106683	LIMK1									-3.3371	0.049			-8.2076	0.0018					
3985	ENSG00000182541	LIMK2									8.857395926	0.0087									
3988	ENSG00000107798	LIPA					17.51313485	0.0243					40	0.0311	20.70393375	0.0082	47.61904762	0.0019			
399	ENSG00000168421	RHOH									5.854800937	0.0349			13.08900524	0.0362					
4001	ENSG00000113368	LMNB1									14.74926254	0.0017							-2.8571	0.05	
400569	ENSG00000161920	MED11			-3.3005	0.0273															
4007	ENSG00000012211	PRICKLE3											-4.5509	0.0464							
400759	ENSG00000225492	GBP1P1									88.49557522	0	42.73504274	0.0277	25.06265664	0.0045					
4023	ENSG00000175445	LPL			22.02643172	0			4.833252779	0.0208											
4064	ENSG00000134061	CD180					-9.3066	0.0008					-19.5734	0	-18.1196	0	-6.6015	0.0006			
4066	ENSG00000104903	LYL1			-3.4297	0.0244	-8.0249	0.0021					-9.5933	0.0006	-9.988	0.0006	-4.5084	0.0168			
406947	ENSG00000234883	MIR155HG					22.32142857	0.0111							19.72386588	0.0098					
407007	ENSG00000207725	MIR222	6.313131313	0.0364	7.818608288	0.0065	23.52941176	0.0095							18.51851852	0.0121	20.96436059	0.025	18.31501832	0	
4094	ENSG00000178573	MAF									39.0625	0									
4122	ENSG00000196547	MAN2A2											-5.4147	0.02	-7.4802	0.003	-4.0279	0.0369			
4150	ENSG00000103495	MAZ													-4.6781	0.0433					
4155	ENSG00000197971	MBP													-5.497	0.0205					
4242	ENSG00000100060	MFNG											-5.9027	0.0123	-6.2953	0.0094					
4245	ENSG00000131446	MGAT1											-5.6247	0.016	-7.8063	0.0024					
4261	ENSG00000179583	CIITA									16	0.0012									
4283	ENSG00000138755	CXCL9									344.8275862	0									
4289	ENSG00000128585	MKLN1									-3.5102	0.0366									
430	ENSG00000183734	ASCL2																	-3.8196	0.0089	
4312	ENSG00000196611	MMP1	6.872852234	0.0144															11.57407407	0.001	
4319	ENSG00000166670	MMP10											40.6504065	0.029	14.77104874	0.0249					
4327	ENSG00000123342	MMP19			6.587615283	0.0183			4.088307441	0.045									8.368200837	0.0055	
4335	ENSG00000070444	MNT											-6.1252	0.01	-5.9246	0.0137	-4.07	0.0335			
440	ENSG00000070669	ASNS													11.52073733	0.0498					
440028	ENSG00000245522	RP11-540A21.2																	5.291005291	0.0472	
440187															13.88888889	0.0291					
440498	ENSG00000226742	HSBP1L1									5.157297576	0.0474									
440957	ENSG00000168273	SMIM4					-5.0162	0.0333					-5.2027	0.0245							
441024	ENSG00000163738	MTHFD2L			5.310674456	0.0425			4.144218815	0.0416					16.02564103	0.0201					
441168	ENSG00000188820	FAM26F									12.18026797	0.0031							-3.2482	0.0213	
441478	ENSG00000198435	NRARP									-4.6308	0.0072									
4495	ENSG00000125144	MT1G							4.526935265	0.0306											
4520	ENSG00000188786	MTF1													12.04819277	0.0448					
4524	ENSG00000177000	MTHFR											-5.69	0.015	-5.7795	0.0165	-4.466	0.02			
4580	ENSG00000173171	MTX1													-5.2579	0.0257					
4582	ENSG00000185499	MUC1									9.960159363	0.006									
4599	ENSG00000157601	MX1									8.37520938	0.0134			12.36093943	0.0404					
4610	ENSG00000116990	MYCL									-4.5729	0.0072									
467	ENSG00000162772	ATF3							5.107252298	0.0113									7.127583749	0.0116	
4683	ENSG00000104320	NBN			6.381620932	0.0188			4.257130694	0.044			40.6504065	0.0312	22.88329519	0.0065					
4689	ENSG00000100365	NCF4																	-2.811	0.0469	
473	ENSG00000142599	RERE									5.434782609	0.0412							-3.1914	0.0219	
474344	ENSG00000133561	GIMAP6	-4.0016	0.0031	-6.3345	0.0001	-5.5528	0.0164	-5.9913	0			-6.5177	0.0065	-8.2751	0.0019	-8.2141	0.0004	-4.6791	0.0018	
4774	ENSG00000162599	NFIA	-2.7955	0.0432															-2.8226	0.0422	
4778	ENSG00000123405	NFE2	-3.1902	0.0178	-4.5262	0.0037	-5.1027	0.0293	-2.9245	0.0496			-4.7692	0.037	-5.5084	0.0195	-4.7595	0.0126			
4814	ENSG00000131669	NINJ1	14.68428781	0.0002	15.17450683	0.0001	47.39336493	0.0007	5.279831045	0.011			50.50505051	0.0179	50.50505051	0.0006	41.32231405	0.0029			
4828	ENSG00000197696	NMB									-3.359	0.0417									
4851	ENSG00000148400	NOTCH1					-4.9928	0.0357													
4854	ENSG00000074181	NOTCH3					-5.1206	0.0291			-4.8811	0.0032	-4.8799	0.0338							
4926	ENSG00000137497	NUMA1																	6.887052342	0.0149	
4929	ENSG00000153234	NR4A2			6.313131313	0.0223			4.486316734	0.0248									5.246589717	0.0494	
493	ENSG00000058668	ATP2B4					-4.9873	0.0325			-4.5067	0.0066			-7.5998	0.0029					
493753	ENSG00000183513	COA5					-4.9057	0.038													
4938	ENSG00000089127	OAS1									5.379236149	0.042									
4939	ENSG00000111335	OAS2									15.10574018	0.0016			12.69035533	0.0379					
4940	ENSG00000111331	OAS3									9.689922481	0.0067									
49856	ENSG00000116213	WRAP73											-5.243	0.025							
4987	ENSG00000125510	OPRL1					-5.4821	0.0203					-5.1426	0.0281	-6.0543	0.0123	-4.7256	0.0139			
5003	ENSG00000254827	SLC22A18AS									-3.1995	0.0486									
5008	ENSG00000099985	OSM							4.100041	0.0392											
5031	ENSG00000171631	P2RY6	-2.9597	0.0334															-3.7398	0.0098	
5032	ENSG00000244165	P2RY11					-6.5827	0.0075					-4.4351	0.0492			-4.0739	0.0295			
5045	ENSG00000140564	FURIN			-2.7093	0.0423							-4.4532	0.0496							
50486	ENSG00000123689	G0S2	6.872852234	0.0297	8.665511265	0.0044	28.57142857	0.0045	8.23723229	0.0006					17.92114695	0.0142	27.39726027	0.0111			
5049	ENSG00000168092	PAFAH1B2											-5.9204	0.0114	-5.1544	0.0289					
50515	ENSG00000171310	CHST11									5.707762557	0.0358									
5054	ENSG00000106366	SERPINE1									-9.6631	0			-5.4227	0.0219					
5055	ENSG00000197632	SERPINB2					24.93765586	0.0067			5.37056928	0.0415			24.21307506	0.006	20.74688797	0.0239			
50615	ENSG00000103522	IL21R	-3.1023	0.0232																	
50650	ENSG00000163947	ARHGEF3	-2.8748	0.034	-5.3445	0.0006	-5.4126	0.0233					-5.0179	0.0296	-12.1199	0.0001			-3.2429	0.0216	
51043	ENSG00000160685	ZBTB7B									-3.6383	0.0238			-4.6665	0.0422	-4.4005	0.0202			
51056	ENSG00000002549	LAP3									12.18026797	0.0032									
51058	ENSG00000164011	ZNF691					-4.771	0.0385													
51063	ENSG00000138172	CALHM2	-6.1471	0	-11.1611	0	-24.4739	0	-5.1885	0.0003			-49.2365	0	-29.3473	0	-15.048	0	-8.6185	0	
51147	ENSG00000111653	ING4					-5.5495	0.0191					-7.1137	0.004			-4.9549	0.0092			
51170	ENSG00000198189	HSD17B11											-9.3815	0.0005							
51186	ENSG00000185222	WBP5							4.214075011	0.0389											
51191	ENSG00000138646	HERC5									11.01321586	0.0044							-3.2652	0.0216	
51222	ENSG00000165804	ZNF219											-4.4069	0.0491							
51225	ENSG00000108798	ABI3	-3.8432	0.0057	-5.2788	0.0008	-11.0001	0.0004	-2.963	0.0405			-11.6607	0.0002	-17.4303	0	-6.1624	0.0017	-3.1332	0.0232	
51256	ENSG00000145979	TBC1D7							3.767897513	0.049											
51311	ENSG00000101916	TLR8							-2.8831	0.0448											
51316	ENSG00000145287	PLAC8													16.36661211	0.018					
51338	ENSG00000110079	MS4A4A													-4.6712	0.0369					
5142	ENSG00000184588	PDE4B			6.353240153	0.0174	13.96648045	0.0481	12.61034048	0					27.17391304	0.0038	39.68253968	0.0031			
51429	ENSG00000130340	SNX9					14.04494382	0.0481							14.18439716	0.0289	18.65671642	0.0341			
51513	ENSG00000010030	ETV7									56.81818182	0.0001									
51523	ENSG00000171604	CXXC5											-4.6773	0.0405							
5156	ENSG00000134853	PDGFRA									26.31578947	0.0002									
51561	ENSG00000110944	IL23A					17.82531194	0.0218					62.11180124	0.0132	37.59398496	0.0016	21.78649237	0.0218			
51573	ENSG00000006007	GDE1													-6.4662	0.0084					
51621	ENSG00000169926	KLF13											-9.6616	0.0004	-6.4178	0.0087	-4.167	0.0303			
5166	ENSG00000004799	PDK4									-3.2234	0.0488									
51684	ENSG00000107882	SUFU			-3.1012	0.0443							-5.2285	0.0238	-6.5027	0.0078					
51700	ENSG00000166394	CYB5R2													12.90322581	0.0368					
51734	ENSG00000198736	MSRB1									6.215040398	0.0274			-5.7888	0.015	-3.9606	0.0413			
51744	ENSG00000122223	CD244													-5.1147	0.0296					
51776	ENSG00000091436	ZAK					23.69668246	0.009					60.60606061	0.013	47.16981132	0.0006	42.55319149	0.0027			
5210	ENSG00000114268	PFKFB4			-3.2458	0.0322	-9.4649	0.0008					-7.4632	0.0028	-9.5534	0.0007	-3.8067	0.0449			
5292	ENSG00000137193	PIM1									6.657789614	0.0227	-4.8269	0.035							
53346	ENSG00000136404	TM6SF1					-5.8791	0.0152			-3.4853	0.0383			-5.9769	0.0121					
5341	ENSG00000115956	PLEK									5.63697858	0.0375									
5355	ENSG00000102007	PLP2					-4.8007	0.038													
5359	ENSG00000188313	PLSCR1									6.557377049	0.0237									
5371	ENSG00000140464	PML									6.671114076	0.0228									
54	ENSG00000102575	ACP5			-4.8532	0.0015	-20.8236	0					-11.4136	0.0002	-24.988	0	-5.6167	0.003	-4.1555	0.0051	
5414	ENSG00000108387	SEPT4									5.12295082	0.0488							-3.4512	0.0152	
54386	ENSG00000166848	TERF2IP									8.103727715	0.0121									
54453	ENSG00000132669	RIN2			-4.5827	0.0033	-7.93	0.0022			-4.1872	0.0109	-10.6625	0.0003	-5.5857	0.0179	-10.6061	0			
54464	ENSG00000114127	XRN1									7.880220646	0.0127									
54471	ENSG00000100335	MIEF1													-4.6159	0.0459					
54491	ENSG00000145569	FAM105A													-4.867	0.0369					
54502	ENSG00000163694	RBM47													13.75515818	0.0306					
54509	ENSG00000139725	RHOF									-4.0782	0.0168									
54518	ENSG00000077420	APBB1IP													-4.9735	0.0321					
54625	ENSG00000173193	PARP14									6.644518272	0.0228									
5464	ENSG00000180817	PPA1									6.715916723	0.0225									
5468	ENSG00000132170	PPARG			7.423904974	0.01			5.602240896	0.0087									7.168458781	0.0119	
54704	ENSG00000164951	PDP1			-3.9684	0.0102			-3.0688	0.0369											
54739	ENSG00000132530	XAF1									7.396449704	0.0165									
54757	ENSG00000108950	FAM20A									6.688963211	0.0225									
54785	ENSG00000196544	C17orf59	-2.9085	0.0349																	
54790	ENSG00000168769	TET2																	5.446623094	0.0437	
54858	ENSG00000130517	PGPEP1													-5.0267	0.0319					
54863	ENSG00000198113	TOR4A											-4.6307	0.0406	-4.7347	0.0417					
54880	ENSG00000183337	BCOR					-5.8684	0.0152	-2.9806	0.0442									-3.2257	0.0218	
54978	ENSG00000213699	SLC35F6					-5.0215	0.0338													
55002	ENSG00000150403	TMCO3											-4.457	0.0499							
55017	ENSG00000179933	C14orf119															-3.8749	0.0387			
55024	ENSG00000153064	BANK1									5.599104143	0.0374							-3.7507	0.0089	
55027	ENSG00000155393	HEATR3													-4.7463	0.0408					
55092	ENSG00000171729	TMEM51											-6.3341	0.0081							
55113	ENSG00000158156	XKR8									8.26446281	0.0108									
55196	ENSG00000174718	KIAA1551									-3.9768	0.0127									
55267	ENSG00000182257	PRR34			-5.0713	0.0013			-3.8284	0.0059	-3.4331	0.0383					-4.6045	0.0151			
55303	ENSG00000133574	GIMAP4			-3.4304	0.0251			-3.0359	0.0326							-4.5527	0.0163			
55304	ENSG00000172296	SPTLC3									5.903187721	0.0327									
55315	ENSG00000198246	SLC29A3					-4.8251	0.0382					-5.8559	0.0133	-6.238	0.0095	-4.526	0.0167			
55320	ENSG00000129534	MIS18BP1			-3.1793	0.0399									-5.4588	0.0206					
55332	ENSG00000136048	DRAM1			6.176652255	0.0214	16.61129568	0.0291							27.32240437	0.0034	17.36111111	0.0425			
55356	ENSG00000163393	SLC22A15													-4.8004	0.0385					
55357	ENSG00000095383	TBC1D2									-5.8144	0.0009	-6.6804	0.0061	-9.5767	0.0008					
55422	ENSG00000130844	ZNF331			7.496251874	0.0077	15.67398119	0.0316	8.116883117	0.0005							15.84786054	0.0488	8.960573477	0.0035	
55534	ENSG00000196782	MAML3									-3.6841	0.0237									
55589	ENSG00000138756	BMP2K	-2.959	0.0337			-4.8895	0.0386									-3.9151	0.0447			
55601	ENSG00000137628	DDX60									18.48428835	0.0009	93.45794393	0.0056	67.11409396	0.0002	33.44481605	0.0059			
55619	ENSG00000135905	DOCK10																	6.858710562	0.0137	
55625	ENSG00000153786	ZDHHC7											-6.9616	0.005	-6.0665	0.012	-4.0393	0.0369			
55640	ENSG00000119686	FLVCR2					-4.7509	0.0429							-5.0298	0.0313	-3.9106	0.0386			
55647	ENSG00000139832	RAB20			5.382131324	0.0434			4.004805767	0.0437	16.75041876	0.0011									
55652	ENSG00000211584	SLC48A1															-3.8056	0.0456			
55686	ENSG00000118242	MREG													15.97444089	0.02					
55700	ENSG00000116871	MAP7D1					-5.0977	0.0295					-5.2881	0.023							
55701	ENSG00000165801	ARHGEF40											-4.4507	0.0495							
55741	ENSG00000088298	EDEM2									9.737098345	0.0066							9.861932939	0.0018	
55748	ENSG00000133313	CNDP2									10.01001001	0.0061									
55794	ENSG00000182810	DDX28					-5.4991	0.0212							-4.8736	0.0359	-4.2685	0.0244			
55803	ENSG00000184060	ADAP2									-3.7697	0.0237									
5583	ENSG00000027075	PRKCH	7.473841555	0.0207	5.45553737	0.0435			6.112469438	0.0037							18.90359168	0.0334			
55848	ENSG00000107020	PLGRKT													12.77139208	0.0382					
55852	ENSG00000136478	TEX2					-5.577	0.0191			-4.1963	0.0126	-10.0515	0.0004	-7.6367	0.0028	-4.8395	0.0096			
55911	ENSG00000184730	APOBR											-4.5573	0.0428							
55917	ENSG00000143079	CTTNBP2NL					-5.1211	0.0297													
55924	ENSG00000197852	FAM212B									-3.7511	0.0232	-5.5585	0.0171	-5.1992	0.0276	-4.1438	0.0304			
55957	ENSG00000267796	LIN37			-3.0865	0.0424															
55972	ENSG00000075303	SLC25A40									-3.5338	0.0286									
5603	ENSG00000156711	MAPK13									-3.769	0.0235									
56172	ENSG00000154122	ANKH					-5.5217	0.0207					-5.3661	0.0204	-8.6714	0.0014					
5621	ENSG00000171867	PRNP																	6.958942241	0.0139	
5624	ENSG00000115718	PROC			-5.2904	0.0006	-6.5032	0.0073	-3.1411	0.0242	-4.0636	0.0124	-6.4888	0.0077	-9.2459	0.0008	-5.7874	0.0027			
56300	ENSG00000136688	IL36G					28.65329513	0.0045					41.84100418	0.0278	38.46153846	0.0012	16.3132137	0.0492			
5641	ENSG00000100600	LGMN									-3.9172	0.0211									
5654	ENSG00000166033	HTRA1					-10.3257	0.0003			-6.8184	0.0002	-11.5711	0.0002	-7.0961	0.0047	-6.8983	0.0006			
56548	ENSG00000147119	CHST7									-5.3287	0.0026									
56606	ENSG00000109667	SLC2A9									5.53709856	0.0403									
56829	ENSG00000105939	ZC3HAV1									6.557377049	0.0237									
56833	ENSG00000158714	SLAMF8									22.72727273	0.0002									
56935	ENSG00000166002	SMCO4																	-3.3584	0.0152	
56938	ENSG00000029153	ARNTL2									7.082152975	0.0188									
5696	ENSG00000206298	PSMB8									5.128205128	0.0484									
56987	ENSG00000114439	BBX									8.650519031	0.0095									
57091	ENSG00000087589	CASS4											-5.0219	0.0292							
57102	ENSG00000047621	C12orf4									5.621135469	0.0374									
57121	ENSG00000184574	LPAR5			-3.6	0.0148					-3.9133	0.0186					-3.6565	0.0452			
57140	ENSG00000142327	RNPEPL1					-8.8017	0.0008					-8.0476	0.0018	-5.8086	0.015	-4.1041	0.031			
57142	ENSG00000115310	RTN4					-4.7436	0.0465													
57147	ENSG00000000457	SCYL3					-4.9721	0.0358													
57172	ENSG00000008118	CAMK1G													11.9047619	0.0464					
57178	ENSG00000108175	ZMIZ1					-6.5205	0.0079					-6.2074	0.0089							
57189	ENSG00000257093	KIAA1147					-6.0256	0.013			-3.7881	0.0231					-3.8934	0.0446			
57215	ENSG00000168286	THAP11											-4.4553	0.0499							
57217	ENSG00000068724	TTC7A																	-3.753	0.0092	
5733	ENSG00000050628	PTGER3									10.55966209	0.0051									
5743	ENSG00000073756	PTGS2					35.21126761	0.0018							33.33333333	0.0018	32.46753247	0.0063			
574406	ENSG00000203804	ADAMTSL4-AS1									9.337068161	0.0081									
57458	ENSG00000057704	TMCC3									-4.2356	0.0127									
57474	ENSG00000188033	ZNF490					-5.1649	0.0282							-5.0984	0.0293	-4.1969	0.0282			
57506	ENSG00000088888	MAVS											-6.5372	0.0068			-3.9868	0.039			
57520	ENSG00000138411	HECW2													12.37623762	0.0416					
57523	ENSG00000205978	NYNRIN																	-3.098	0.0258	
57533	ENSG00000132405	TBC1D14											-5.1896	0.025	-4.5504	0.0486					
57541	ENSG00000197024	ZNF398			-3.1406	0.0384									-6.6363	0.0074	-5.5468	0.004			
57552	ENSG00000144959	NCEH1											-4.494	0.0472	-4.6237	0.0459					
57559	ENSG00000138134	STAMBPL1									6.253908693	0.0273							-2.8997	0.0379	
57561	ENSG00000113369	ARRDC3					-6.1584	0.0113									-5.4082	0.0043			
57570	ENSG00000126814	TRMT5			5.411255411	0.0429													7.686395081	0.0076	
57591	ENSG00000196588	MKL1	-3.0163	0.0269	-4.2538	0.0049					-4.0331	0.0165	-6.9517	0.005	-7.8463	0.0024	-4.1837	0.0302			
57594	ENSG00000215271	HOMEZ															-4.4246	0.0186			
57600	ENSG00000052795	FNIP2																	6.89179876	0.0142	
57602	ENSG00000055483	USP36																	6.131207848	0.0252	
57655	ENSG00000089351	GRAMD1A													20.2020202	0.0091					
57658	ENSG00000012822	CALCOCO1															-4.087	0.0305			
57701	ENSG00000167566	NCKAP5L											-4.6033	0.0436	-4.9229	0.0351					
5771	ENSG00000175354	PTPN2									6.501950585	0.025									
5777	ENSG00000111679	PTPN6											-5.135	0.0265	-5.4677	0.0215					
5780	ENSG00000169410	PTPN9									-3.3106	0.0459									
57823	ENSG00000026751	SLAMF7			9.025270758	0.003	29.3255132	0.004							13.15789474	0.0342					
57826	ENSG00000123728	RAP2C													18.08318264	0.0132					
57864	ENSG00000119457	SLC46A2			-3.4475	0.0241			-3.4452	0.0116			-8.0306	0.0019	-6.065	0.0118	-6.4864	0.0007			
5806	ENSG00000163661	PTX3			6.901311249	0.0131	18.69158879	0.0206							16.44736842	0.0179					
58190	ENSG00000144579	CTDSP1					-5.4345	0.0238					-4.6141	0.0429							
5829	ENSG00000089159	PXN											-5.2501	0.0239							
58484	ENSG00000091106	NLRC4			-3.4836	0.0226	-5.9837	0.013			-3.3167	0.0457	-6.4574	0.0069	-5.8002	0.0143	-4.511	0.0154			
58504	ENSG00000128805	ARHGAP22					-7.6729	0.0029					-6.1396	0.0101	-9.6947	0.0008					
58526	ENSG00000165175	MID1IP1									-4.602	0.0071									
586	ENSG00000060982	BCAT1									-3.8204	0.0245									
5912	ENSG00000181467	RAP2B											-8.9189	0.0011	-10.3727	0.0006					
5916	ENSG00000172819	RARG									-3.3165	0.0375									
5920	ENSG00000133321	RARRES3									22.172949	0.0003									
59339	ENSG00000169499	PLEKHA2									-3.7446	0.0243									
59345	ENSG00000114450	GNB4																	-2.8615	0.0468	
597	ENSG00000140379	BCL2A1	15.33742331	0.0002	11.58748552	0.0007	89.28571429	0	4.980079681	0.0159			73.52941176	0.0078	56.17977528	0.0003	151.5151515	0	10.14198783	0.0015	
5970	ENSG00000173039	RELA									6.071645416	0.03							6.510416667	0.0176	
5978	ENSG00000084093	REST					-6.392	0.009													
5989	ENSG00000132005	HGNC:9982											-6.6933	0.0064							
5996	ENSG00000090104	RGS1					20.32520325	0.0142	4.614674665	0.0253							31.05590062	0.0067			
5998	ENSG00000138835	RGS3	-3.4596	0.0142	-4.2829	0.0046	-9.4165	0.0009	-4.2494	0.0019			-6.6666	0.0061	-5.1896	0.0258	-6.191	0.0015	-3.2715	0.0194	
6002	ENSG00000159788	RGS12	-3.1189	0.0227	-3.7015	0.0145	-7.0174	0.0047					-10.1181	0.0004	-25.8986	0	-4.7155	0.0129	-3.4817	0.0139	
6035	ENSG00000129538	RNASE1			-2.9846	0.0365	-5.1464	0.0185					-6.4839	0.0074	-4.9121	0.0282	-3.545	0.0451			
60370	ENSG00000119986	AVPI1									-7.3203	0.0003			-4.3892	0.0419					
60386	ENSG00000125454	SLC25A19													-4.9236	0.0345					
604	ENSG00000113916	BCL6									16.05136437	0.0012									
60485	ENSG00000151748	SAV1			6.123698714	0.0249	16.72240803	0.0287							16.28664495	0.0184					
60675	ENSG00000163421	PROK2																	5.720823799	0.0211	
6103	ENSG00000156313	RPGR					17.12328767	0.0264									23.41920375	0.018			
6203	ENSG00000278270	RPS9	7.518796993	0.0189							6.724949563	0.022									
6239	ENSG00000124782	RREB1													-4.996	0.0322					
6272	ENSG00000134243	SORT1									11.50747986	0.0037									
629	ENSG00000243570	CFB											54.05405405	0.0161	47.61904762	0.0006					
6347	ENSG00000108691	CCL2			5.963029219	0.0267			5.39083558	0.0103	15.82278481	0.0012									
6348	ENSG00000277632	CCL3	25.77319588	0	27.02702703	0	208.3333333	0	7.23065799	0.0017			166.6666667	0.002	175.4385965	0	185.1851852	0	8.130081301	0.0056	
6351	ENSG00000275302	CCL4	38.46153846	0	50.76142132	0	250	0	11.41552511	0.0002			256.4102564	0.0001	243.902439	0	232.5581395	0	5.464480874	0.0401	
6352	ENSG00000271503	CCL5													15.38461538	0.0222					
6355	ENSG00000108700	CCL8									238.0952381	0									
6364	ENSG00000115009	CCL20	56.17977528	0	26.38522427	0	232.5581395	0	8.223684211	0.0008			416.6666667	0	277.7777778	0	208.3333333	0	14.3472023	0.0003	
6373	ENSG00000169248	CXCL11									153.8461538	0	50.76142132	0.0186							
6398	ENSG00000141574	SECTM1									30.67484663	0.0002									
6404	ENSG00000110876	SELPLG											-6.3681	0.0074	-5.7956	0.0145					
64114	ENSG00000135926	TMBIM1					-4.7193	0.0451													
64116	ENSG00000138821	SLC39A8			10.82251082	0.0011			6.489292667	0.0023					23.31002331	0.0059					
64135	ENSG00000115267	IFIH1									6.887052342	0.0207									
64332	ENSG00000144802	NFKBIZ					36.36363636	0.0016					39.37007874	0.0315	25.70694087	0.0042	45.24886878	0.0022			
64375	ENSG00000123411	IKZF4									23.92344498	0.0002									
64411	ENSG00000120318	ARAP3					-6.4224	0.0081					-4.7485	0.0375			-4.1492	0.0297			
64421	ENSG00000152457	DCLRE1C			-3.0471	0.0443											-3.8515	0.0455			
64423	ENSG00000203485	INF2									-3.4437	0.0458									
6446	ENSG00000118515	SGK1									-3.4606	0.0381							6.131207848	0.0253	
644727															12.65822785	0.0381			6.373486297	0.0209	
645	ENSG00000090013	BLVRB																	8.333333333	0.0044	
646329					5.577244841	0.039			4.221190376	0.0447									7.122507123	0.0129	
64718	ENSG00000059145	UNKL											-5.1457	0.0261							
64744	ENSG00000084070	SMAP2									6.285355123	0.0261									
64759	ENSG00000136205	TNS3			6.954102921	0.0133					19.49317739	0.0007							-2.8716	0.044	
64769	ENSG00000163875	MEAF6													-4.9516	0.0324					
6477	ENSG00000196470	SIAH1									17.24137931	0.0011									
6480	ENSG00000073849	ST6GAL1															-4.3152	0.0245			
64834	ENSG00000066322	ELOVL1					-5.6022	0.0191													
64926	ENSG00000105122	RASAL3											-4.5786	0.0439							
6494	ENSG00000213445	SIPA1													-5.5683	0.0195					
64943	ENSG00000168268	NT5DC2			-3.3418	0.0264							-4.7562	0.0386							
64949	ENSG00000125901	MRPS26			-3.085	0.0435															
64951	ENSG00000062582	MRPS24			5.672149745	0.0336	17.18213058	0.0249							13.98601399	0.0288					
65018	ENSG00000158828	PINK1											-4.8664	0.0346			-4.0384	0.0327			
6513	ENSG00000117394	SLC2A1									-3.2852	0.0489									
653581					6.756756757	0.0142	18.5528757	0.0205							18.79699248	0.0117	22.22222222	0.0215			
6604	ENSG00000082014	SMARCD3									13.26259947	0.0022									
6648	ENSG00000112096	SOD2			5.69476082	0.0265									11.70960187	0.0466					
665	ENSG00000104765	BNIP3L	-2.9141	0.027																	
6653	ENSG00000137642	SORL1			-3.5427	0.0224			-2.9671	0.0504											
6667	ENSG00000185591	SP1															-4.0385	0.0334			
669	ENSG00000172331	BPGM			-3.0382	0.0481									-6.7322	0.0065	-4.7738	0.0125			
6696	ENSG00000118785	SPP1	14.85884101	0.0004	42.73504274	0	59.88023952	0.0002	16.92047377	0							38.61003861	0.0036	19.08396947	0	
6714	ENSG00000197122	SRC			5.534034311	0.0365	14.49275362	0.0361													
6741	ENSG00000138385	SSB									5.730659026	0.0357									
675	ENSG00000139618	BRCA2									13.14060447	0.0022									
6768	ENSG00000149418	ST14											-5.1297	0.0261							
677	ENSG00000185650	ZFP36L1									-4.8851	0.0044									
6773	ENSG00000170581	STAT2									6.747638327	0.0216									
6775	ENSG00000138378	STAT4													30.95975232	0.0024					
6776	ENSG00000126561	STAT5A													15.52795031	0.0212					
677849	ENSG00000199961	SNORD1B									7.535795026	0.0148									
678	ENSG00000152518	ZFP36L2			-5.0429	0.0013			-4.793	0.0008	-4.7258	0.0047	-7.7236	0.0024	-7.4047	0.0033	-5.4886	0.0047			
6804	ENSG00000106089	STX1A									-4.0479	0.0186									
6810	ENSG00000103496	STX4	7.142857143	0.0196															10.46025105	0.0013	
6890	ENSG00000206297	TAP1									13.96648045	0.002									
6905	ENSG00000116957	TBCE													-5.0315	0.0317					
6944	ENSG00000163159	VPS72					-4.7066	0.047													
7035	ENSG00000003436	TFPI									-6.8754	0.0002									
7045	ENSG00000120708	TGFBI					-5.4347	0.0217					-7.144	0.0043	-5.3288	0.0241					
7046	ENSG00000106799	TGFBR1											-11.5468	0.0002	-5.4487	0.0205	-4.8506	0.0131			
7056	ENSG00000178726	THBD	6.414368185	0.0315																	
7057	ENSG00000137801	THBS1							4.442470013	0.0115											
7096	ENSG00000174125	TLR1			-4.2632	0.005	-7.068	0.0046					-7.2347	0.0041	-14.8167	0	-5.7123	0.0028			
710	ENSG00000149131	SERPING1									32.25806452	0.0001							-3.7198	0.0092	
7124	ENSG00000206439	TNF	9.267840593	0.0062	5.827505828	0.0321	144.9275362	0							22.88329519	0.0065	147.0588235	0			
7128	ENSG00000118503	TNFAIP3	8.576329331	0.0091	10.33057851	0.0017	33.89830508	0.0026	6.373486297	0.0032			63.29113924	0.012	54.94505495	0.0005	33.11258278	0.006			
7130	ENSG00000123610	TNFAIP6			8.34028357	0.005	35.58718861	0.002	4.246284501	0.0362			64.93506494	0.0117	61.72839506	0.0002	34.12969283	0.0054			
7132	ENSG00000067182	TNFRSF1A					-5.172	0.0295													
7145	ENSG00000079308	TNS1					-10.6598	0.0004			-4.7605	0.0064	-5.1784	0.0237	-6.6167	0.0074			-2.7972	0.0432	
7168	ENSG00000140416	TPM1											-4.4824	0.0488							
7185	ENSG00000056558	TRAF1	9.00090009	0.0071	9.794319295	0.0019	27.70083102	0.005	5.425935974	0.0098			46.51162791	0.0238	41.84100418	0.0011	30.58103976	0.0076			
728	ENSG00000197405	C5AR1									-3.5243	0.0357									
729082	ENSG00000247556	OIP5-AS1					-6.5794	0.0079													
729230	ENSG00000121807	CCR2	-3.7473	0.006	-7.2969	0	-8.7739	0.0008	-4.8646	0.0008			-12.0758	0.0002	-13.1865	0.0002	-10.1009	0	-3.9319	0.0083	
729678	ENSG00000245060	LINC00847	6.770480704	0.0314	5.724098455	0.0364	30.12048193	0.0038							23.52941176	0.0057	36.49635037	0.0046			
730249	ENSG00000102794	IRG1	9.652509653	0.0055	15.82278481	0.0001	71.42857143	0.0001			59.88023952	0.0001	769.2307692	0.0003	769.2307692	0	92.59259259	0.0002			
731424					7.96178344	0.0063	22.88329519	0.0103			41.84100418	0	84.03361345	0.006	75.18796992	0.0001	25.51020408	0.0137			
7343	ENSG00000108312	UBTF			-3.0455	0.0468															
7398	ENSG00000162607	USP1											-4.4355	0.05							
740	ENSG00000149792	MRPL49													-5.7443	0.0167					
7402	ENSG00000152818	UTRN			-3.4077	0.0226	-5.208	0.0263					-4.7743	0.0355	-8.4766	0.0016	-5.023	0.0088	-2.98	0.0292	
7453	ENSG00000140105	WARS									7.199424046	0.0182									
7456	ENSG00000115935	WIPF1											-4.5101	0.048	-5.3419	0.0242					
747	ENSG00000134780	DAGLA					-6.1027	0.0111													
7532	ENSG00000170027	YWHAG					-4.8391	0.0407					-4.6713	0.0402							
7533	ENSG00000128245	YWHAH			-3.2251	0.034	-6.1091	0.0113	-2.96	0.0439	-4.217	0.0119	-6.1424	0.0106	-8.8354	0.0011	-4.2989	0.0253			
7587	ENSG00000075407	ZNF37A					-5.1452	0.0295													
7706	ENSG00000121060	TRIM25									11.42857143	0.0036									
7727	ENSG00000103343	ZNF174													-4.6643	0.044					
7741	ENSG00000197062	ZSCAN26					-5.5246	0.0202													
7767	ENSG00000267680	ZNF224			-3.245	0.0322															
7791	ENSG00000159840	ZYX											-4.4639	0.0498							
7849	ENSG00000125618	PAX8			5.464480874	0.0411															
7852	ENSG00000121966	CXCR4									-6.6954	0.0002	-12.1509	0.0002	-20.6192	0	-4.5054	0.0168			
7862	ENSG00000156983	BRPF1											-4.5429	0.0459							
7884	ENSG00000163950	SLBP											-5.4459	0.0185	-4.6467	0.0458					
79018	ENSG00000141034	GID4															-4.1689	0.031			
79064	ENSG00000168569	TMEM223			-3.1468	0.033			-2.9176	0.0389					-4.9932	0.0317					
79065	ENSG00000198925	ATG9A													-4.7992	0.0375					
79132	ENSG00000108771	DHX58											38.61003861	0.0328	26.52519894	0.0038					
79137	ENSG00000144567	FAM134A											-5.2418	0.0238	-4.564	0.0499					
79142	ENSG00000040633	PHF23	-2.9762	0.032			-6.9753	0.004					-12.6598	0.0002	-12.0005	0.0002	-8.4537	0			
79161	ENSG00000135185	TMEM243													-4.719	0.0419					
79188	ENSG00000170876	TMEM43					-4.8421	0.0407													
7942	ENSG00000112561	TFEB											-4.9792	0.0309							
79447	ENSG00000263136	PAGR1											-4.8906	0.0342	-5.0178	0.0318					
79567	ENSG00000039523	FAM65A									-3.5389	0.0376			-6.1105	0.012					
79637	ENSG00000125449	ARMC7			-3.3237	0.0295	-5.5959	0.018			-3.5244	0.0249	-6.4754	0.0076	-5.7815	0.0161	-7.1323	0.0006			
79666	ENSG00000175895	PLEKHF2													12.85347044	0.037					
79689	ENSG00000127954	STEAP4									16.33986928	0.0012									
79690	ENSG00000197093	GAL3ST4			-5.118	0.0008	-5.7547	0.0154			-3.8353	0.0174	-5.7547	0.0153	-5.7547	0.0166	-5.0819	0.0086			
79699	ENSG00000162378	ZYG11B													-4.8818	0.037					
79725	ENSG00000168152	THAP9					17.48251748	0.0246									22.172949	0.0215			
79729	ENSG00000214193	SH3D21									-3.9838	0.0176							5.678591709	0.0357	
79768	ENSG00000134152	KATNBL1	6.609385327	0.0328															8.196721312	0.0056	
79803	ENSG00000166189	HPS6					-5.0412	0.0266									-5.1741	0.0073			
79832	ENSG00000060749	QSER1															-3.8938	0.0401			
79833	ENSG00000152147	GEMIN6					-4.8628	0.0407									-4.4477	0.0181			
79847	ENSG00000138111	TMEM180											-4.4862	0.0469							
79888	ENSG00000153395	LPCAT1			8.53970965	0.0044													6.702412869	0.016	
79890	ENSG00000100599	RIN3			-3.5365	0.0221							-10.3777	0.0003	-9.7655	0.0007	-4.525	0.0169			
79899	ENSG00000135362	PRR5L			-3.3604	0.0225	-6.2436	0.0098					-5.3012	0.02	-5.5319	0.0184	-4.4751	0.0168			
79931	ENSG00000050730	TNIP3	6.548788474	0.0339	13.38688086	0.0004	33.44481605	0.0026	7.782101167	0.0007			285.7142857	0.0002	243.902439	0	53.47593583	0.0012			
79993	ENSG00000164181	ELOVL7			5.422993492	0.045									18.69158879	0.0123					
80003	ENSG00000135749	PCNXL2													-4.8553	0.0367					
80019	ENSG00000165886	UBTD1			-3.0413	0.0482					-3.5913	0.0311	-5.5997	0.016	-7.5246	0.0029	-4.4672	0.0188			
80124	ENSG00000175073	VCPIP1									37.17472119	0									
8013	ENSG00000119508	NR4A3			8.305647841	0.005	18.18181818	0.0221	6.747638327	0.0019							24.81389578	0.0153	10.14198783	0.0015	
80205	ENSG00000177200	CHD9			-3.3201	0.0271									-4.7619	0.0397					
8021	ENSG00000126883	NUP214									-3.8216	0.0202			-7.1732	0.0035					
80224	ENSG00000151413	NUBPL									19.41747573	0.0006									
80256	ENSG00000005238	FAM214B					-6.0224	0.0106					-8.1686	0.0019	-11.2809	0.0002					
80262	ENSG00000125149	C16orf70											-6.317	0.0077	-5.9034	0.013					
80271	ENSG00000086544	ITPKC					17.51313485	0.0247									23.04147465	0.0187			
8028	ENSG00000078403	MLLT10					-5.4041	0.0231					-5.4506	0.02							
80308	ENSG00000160688	FLAD1					-5.0897	0.0303													
80335	ENSG00000164091	WDR82	-3.1367	0.0161																	
80380	ENSG00000197646	PDCD1LG2									10.1010101	0.0056									
80709	ENSG00000106948	AKNA			-3.3313	0.0301	-4.669	0.0477					-7.6043	0.0029	-7.4766	0.003					
80772	ENSG00000224051	CPTP											-5.3656	0.02			-3.9802	0.0412			
80820	ENSG00000122547	EEPD1											-4.7227	0.0374	-5.406	0.0214					
80830	ENSG00000221963	APOL6									10.42752868	0.0053									
80832	ENSG00000100336	APOL4									166.6666667	0							-2.9121	0.0407	
80833	ENSG00000128284	APOL3									6.439150032	0.0251							-3.5329	0.0138	
81577	ENSG00000141098	GFOD2					-4.7684	0.0411													
81788	ENSG00000163545	NUAK2			-3.8956	0.0112					-4.3853	0.0092	-4.5911	0.0428	-5.6717	0.0179					
8266	ENSG00000102178	UBL4A			-4.6933	0.0017	-6.972	0.0054			-3.4348	0.0365	-7.8209	0.0024	-8.6143	0.0014	-6.1727	0.0014			
8292	ENSG00000206561	COLQ									11.56069364	0.0036									
8334	ENSG00000180573	HIST1H2AC					-5.3166	0.0236													
835	ENSG00000106144	CASP2									-3.7017	0.0228					-4.6793	0.0143			
83541	ENSG00000125898	FAM110A			-3.1819	0.033	-5.6631	0.0146			-4.3263	0.0105	-5.4182	0.0191	-7.0419	0.0049	-5.2033	0.0075			
83591	ENSG00000173451	THAP2							4.142502071	0.0357							18.51851852	0.0356			
83593	ENSG00000266094	RASSF5			5.58347292	0.033					13.47708895	0.0022									
83605	ENSG00000136280	CCM2			-6.8178	0	-7.6747	0.0025	-3.5589	0.0099	-3.741	0.0225	-8.2956	0.0018	-11.927	0.0002	-6.9983	0.0006			
83666	ENSG00000138496	PARP9									15.12859304	0.0016									
83719	ENSG00000090238	YPEL3			-3.4092	0.0254							-5.5173	0.0186	-6.8819	0.0053	-4.5249	0.0171			
83786	ENSG00000126391	FRMD8											-4.8251	0.035							
838	ENSG00000137757	CASP5									7.374631268	0.0176									
83855	ENSG00000129911	KLF16					-4.878	0.0386			-3.6787	0.0193	-12.5067	0.0002	-8.6944	0.0013	-4.8926	0.0096			
83856	ENSG00000106701	FSD1L					29.58579882	0.004							12.43781095	0.0413	45.04504505	0.0022			
83874	ENSG00000099992	TBC1D10A									-3.2038	0.0491									
83999	ENSG00000183762	KREMEN1									6.056935191	0.0303									
84002	ENSG00000176597	B3GNT5									10.67235859	0.0049									
8408	ENSG00000177169	ULK1											-5.7174	0.0152							
841	ENSG00000064012	CASP8			-3.134	0.0353									-4.7808	0.0373					
84106	ENSG00000133246	PRAM1											-4.5403	0.0455							
84159	ENSG00000150347	ARID5B																	6.464124111	0.0175	
8417	ENSG00000079950	STX7													-5.0525	0.0315					
84191	ENSG00000166797	FAM96A													-5.4787	0.0205					
84267	ENSG00000165118	C9orf64					-5.6697	0.0173													
8427	ENSG00000170265	ZNF282															-3.9019	0.0427			
843	ENSG00000003400	CASP10									11.01321586	0.0039									
84301	ENSG00000197312	DDI2											-4.8233	0.0336	-9.2756	0.0009					
84329	ENSG00000122986	HVCN1									-5.1562	0.0025	-4.7256	0.0373							
84342	ENSG00000213380	COG8											-5.3474	0.02			-4.152	0.0311			
8444	ENSG00000143479	DYRK3			8.271298594	0.0056	13.38688086	0.0487							11.9474313	0.0462					
84440	ENSG00000131242	RAB11FIP4			-4.3019	0.0045	-5.2839	0.0262	-3.5201	0.0112			-6.6453	0.0067	-10.0677	0.0006	-5.1144	0.0075			
84441	ENSG00000184384	MAML2									-4.2402	0.012									
84444	ENSG00000104885	DOT1L																	6.802721088	0.0136	
8462	ENSG00000172059	KLF11											-5.4925	0.0185	-4.7671	0.0409					
84629	ENSG00000182095	TNRC18					-4.8867	0.0332					-4.4966	0.0476	-4.5842	0.0448					
84674	ENSG00000132357	CARD6					-4.8134	0.0399													
84747	ENSG00000175970	UNC119B											-4.4952	0.0493							
84777															23.58490566	0.0056	16.75041876	0.0448			
84807	ENSG00000167604	NFKBID																	5.740528129	0.0328	
84817	ENSG00000129235	TXNDC17					-4.9192	0.0314													
84870	ENSG00000146374	RSPO3									17.42160279	0.0011									
84878	ENSG00000119574	ZBTB45															-4.6094	0.0147			
84879	ENSG00000168389	MFSD2A			5.488474204	0.0419									18.24817518	0.0131					
84899	ENSG00000125247	TMTC4			-3.3816	0.0263															
84910	ENSG00000153214	TMEM87B					-5.198	0.028			-3.3867	0.0403	-4.8444	0.0355	-5.6836	0.0177					
84919	ENSG00000158615	PPP1R15B									9.337068161	0.0075									
84947	ENSG00000122335	SERAC1													-4.8126	0.0372					
84959	ENSG00000154127	UBASH3B									-3.7249	0.0266									
8507	ENSG00000171617	ENC1			-3.6697	0.0132					-4.0209	0.0173	-6.8516	0.0053	-9.8689	0.0007					
8519	ENSG00000185885	IFITM1									5.757052389	0.0357									
8525	ENSG00000149091	DGKZ					-6.4489	0.0075			-3.4403	0.0363			-6.0688	0.0121					
85315	ENSG00000170915	PAQR8	-2.8133	0.0462	-3.9598	0.009	-9.0426	0.0008					-9.493	0.0005	-8.9768	0.001	-6.1865	0.0017			
8542	ENSG00000100342	APOL1									25	0.0002									
85441	ENSG00000130589	HELZ2									6.688963211	0.0222									
85463	ENSG00000149289	ZC3H12C			8.354218881	0.005															
85464	ENSG00000141298	SSH2											-5.4018	0.0199	-4.9124	0.0352	-3.9608	0.0417			
8564	ENSG00000117009	KMO	6.289308176	0.0334	8.718395815	0.0049	20.70393375	0.0131	6.035003018	0.0051					17.42160279	0.0152	23.14814815	0.0167			
8566	ENSG00000160209	PDXK	6.958942241	0.0237																	
8567	ENSG00000110514	MADD													-4.6767	0.0439					
8578	ENSG00000074660	SCARF1									9.380863039	0.0072									
860	ENSG00000124813	RUNX2			-3.1039	0.034															
861	ENSG00000159216	RUNX1					-4.7393	0.0402													
864	ENSG00000020633	RUNX3					-5.0628	0.0303					-11.9581	0.0002	-8.9453	0.0012					
8644	ENSG00000196139	AKR1C3			-2.9455	0.0475	-5.1055	0.0231													
8651	ENSG00000185338	SOCS1									16.55629139	0.0012									
8655	ENSG00000088986	DYNLL1					-5.1054	0.0314													
867	ENSG00000110395	CBL											-4.4674	0.0463	-4.9348	0.0339					
8692	ENSG00000068001	HYAL2													-6.0601	0.0119					
8698	ENSG00000125910	S1PR4			-3.3431	0.0275									-4.9317	0.0328	-3.8061	0.0499			
8705	ENSG00000236802	B3GALT4					-7.9023	0.0021					-5.2577	0.023	-4.6467	0.0439	-4.0274	0.0375			
8714	ENSG00000108846	ABCC3											-4.7972	0.036							
8740	ENSG00000125735	TNFSF14	7.057163021	0.0217															10.70663812	0.0013	
8743	ENSG00000121858	TNFSF10	-3.5244	0.0086							12.75510204	0.0029							-3.9252	0.0072	
8772	ENSG00000168040	FADD															-4.8718	0.0092			
8799	ENSG00000131779	PEX11B													-4.8306	0.0358					
8819	ENSG00000164105	SAP30			-3.1664	0.0393									-5.9318	0.0134					
8828	ENSG00000118257	NRP2									10.11122346	0.006									
8832	ENSG00000066294	CD84													-4.652	0.0449					
8837	ENSG00000003402	CFLAR			13.02083333	0.0004	49.01960784	0.0006	4.642525534	0.0249			105.2631579	0.004	84.74576271	0.0001	48.7804878	0.0018			
8843	ENSG00000255398	HCAR3																	6.024096386	0.0264	
8848	ENSG00000102804	TSC22D1											-5.4778	0.019	-5.475	0.021					
8861	ENSG00000198728	LDB1											-4.6217	0.0407	-4.9004	0.0352					
8886	ENSG00000088205	DDX18															18.28153565	0.036	7.745933385	0.0075	
894	ENSG00000118971	CCND2							4.368719965	0.0253											
89858	ENSG00000254521	SIGLEC12									5.841121495	0.034									
8994	ENSG00000144791	LIMD1											-4.7829	0.0363							
90	ENSG00000115170	ACVR1											-5.0926	0.0273							
90007	ENSG00000167470	MIDN					-5.3777	0.0243					-8.2189	0.0019			-4.1148	0.0325			
901	ENSG00000138764	CCNG2									-3.4072	0.0393			-4.647	0.0453	-4.1321	0.0311			
90120	ENSG00000238227	C9orf69					-7.2317	0.0042					-5.6633	0.0153	-5.5575	0.0192	-4.2609	0.0255			
9020	ENSG00000006062	MAP3K14			-4.3719	0.0043	-5.858	0.0138	-3.0276	0.0392	-4.1165	0.0126	-10.5642	0.0003	-11.8093	0.0001	-6.8585	0.0006			
9021	ENSG00000184557	SOCS3									8.410428932	0.0101									
9034	ENSG00000121797	CCRL2	9.267840593	0.0068	7.776049767	0.0072	59.88023952	0.0002	4.761904762	0.0203			59.88023952	0.0134	27.8551532	0.0036	43.47826087	0.0027			
90427	ENSG00000104081	BMF	-3.1572	0.0211	-3.4226	0.0249	-7.7749	0.0027	-3.3619	0.0149			-11.6655	0.0002	-9.7643	0.0007	-6.773	0.0006	-2.862	0.0461	
90459	ENSG00000104626	ERI1									6.24609619	0.0276									
9046	ENSG00000147443	DOK2													-6.1438	0.0112					
9050	ENSG00000152229	PSTPIP2									5.293806247	0.0456									
9051	ENSG00000140368	PSTPIP1													-4.8661	0.0372					
9052	ENSG00000013588	GPRC5A			5.083884087	0.0477	20.08032129	0.0156	4.472271914	0.022							29.58579882	0.008	5.470459519	0.0395	
9056	ENSG00000155465	SLC7A7													31.44654088	0.0022					
9121	ENSG00000170190	SLC16A5											-5.0697	0.0275			-4.0925	0.0334			
91283	ENSG00000066697	MSANTD3													23.52941176	0.0059					
91373	ENSG00000197355	UAP1L1									-3.5844	0.0285	-5.6639	0.0146	-5.2797	0.0231					
91404	ENSG00000187231	SESTD1			6.565988181	0.0155	37.17472119	0.0015					56.49717514	0.0143	49.01960784	0.0006	43.47826087	0.0025			
91452	ENSG00000107897	ACBD5			-3.3705	0.025									-5.4399	0.0213					
9149	ENSG00000105204	DYRK1B											-5.0935	0.0274	-5.6121	0.0179	-3.7581	0.0485			
91543	ENSG00000134321	RSAD2					28.08988764	0.0045			87.71929825	0					38.75968992	0.0036			
91624	ENSG00000162614	NEXN									5.341880342	0.044									
91662	ENSG00000142405	NLRP12					-5.1043	0.0294			-3.4764	0.0352	-6.9657	0.0044	-7.2181	0.0033	-4.6042	0.015			
91748	ENSG00000156030	ELMSAN1			-3.1244	0.0426					5.659309564	0.0362	-5.347	0.0213	-6.181	0.0106					
91947	ENSG00000140450	ARRDC4			6.802721088	0.0135															
92181	ENSG00000168246	UBTD2			5.624296963	0.0296															
9240	ENSG00000176903	PNMA1					-6.434	0.0083					-8.8726	0.0009	-5.3497	0.0241	-4.5094	0.0155			
9242	ENSG00000178860	MSC			5.437737901	0.0369									11.72332943	0.0478					
9246	ENSG00000156587	UBE2L6									6.257822278	0.0274									
92610	ENSG00000145365	TIFA									19.15708812	0.0008									
92689	ENSG00000197712	FAM114A1			-3.2115	0.0309	-4.8312	0.0347					-4.8223	0.035	-5.4892	0.021	-4.2824	0.0251			
92797	ENSG00000127311	HELB									11.04972376	0.0041									
928	ENSG00000010278	CD9					-5.0296	0.0291			-6.6912	0.0004	-5.7752	0.0118	-6.0195	0.012					
92806	ENSG00000177946	CENPBD1					-5.8406	0.0151					-8.0402	0.0022	-5.8891	0.0143	-5.5931	0.0037			
92912	ENSG00000140367	UBE2Q2											-4.6906	0.0392	-4.7751	0.0394					
93081	ENSG00000151287	TEX30									8.787346221	0.0092									
93082	ENSG00000163121	NEURL3	10.04016064	0.0039															5.934718101	0.0304	
93129	ENSG00000175938	ORAI3					-4.7062	0.0467					-9.7487	0.0006	-6.4319	0.0084	-4.0185	0.0363			
933	ENSG00000012124	CD22									-3.2846	0.044									
93343	ENSG00000141971	MVB12A									10.48218029	0.005									
93594	ENSG00000156787	TBC1D31																	-2.9304	0.0423	
93663	ENSG00000146376	ARHGAP18											-4.7718	0.0373	-4.8494	0.0373					
9398	ENSG00000134256	CD101													-5.037	0.0314					
94107	ENSG00000187713	TMEM203															-4.0963	0.0332			
9416	ENSG00000174243	DDX23					-4.8705	0.0395													
9424	ENSG00000099337	KCNK6													-5.175	0.0282					
94240	ENSG00000133106	EPSTI1									10.28806584	0.0053									
94241	ENSG00000164938	TP53INP1															-4.2749	0.0265			
943	ENSG00000120949	TNFRSF8									-7.8984	0	-4.6576	0.041	-6.114	0.0105					
9447	ENSG00000163568	AIM2									7.057163021	0.0188									
9456	ENSG00000152413	HOMER1																	5.411255411	0.0412	
9466	ENSG00000104998	IL27RA									-3.6437	0.0283									
9545	ENSG00000105514	RAB3D											-4.9299	0.0328	-7.2732	0.0033					
958	ENSG00000101017	CD40					37.03703704	0.0015									51.28205128	0.0014			
9589	ENSG00000146457	WTAP													11.64144354	0.0499					
9605	ENSG00000075399	VPS9D1									8.07102502	0.0124									
9612	ENSG00000196498	NCOR2					-7.0498	0.0048					-6.6445	0.0066	-11.1326	0.0003			-2.8011	0.0502	
9619	ENSG00000160179	ABCG1					-4.683	0.0381													
9636	ENSG00000187608	ISG15									7.462686567	0.0162	36.23188406	0.0366	26.17801047	0.0041					
9663	ENSG00000101577	LPIN2											-4.6886	0.0401	-7.2865	0.0033					
9665	ENSG00000277140	KIAA0430			-4.266	0.0048					-3.3674	0.0471									
9674	ENSG00000235750	KIAA0040	-2.7575	0.0482							5.347593583	0.0423							-2.9977	0.0371	
9679	ENSG00000189319	FAM53B									-3.253	0.0499									
9689	ENSG00000082153	BZW1							5.133470226	0.0111											
969	ENSG00000110848	CD69									9.259259259	0.0081									
97	ENSG00000119640	ACYP1					-4.9659	0.036									-3.8708	0.039			
9710	ENSG00000166398	KIAA0355													-4.4467	0.0499					
9734	ENSG00000048052	HDAC9													13.29787234	0.0348					
9764	ENSG00000135709	KIAA0513					-5.225	0.028					-7.6602	0.0028	-6.0261	0.0124	-4.4978	0.018			
9770	ENSG00000101265	RASSF2											-4.8638	0.0335	-4.9736	0.0317					
9831	ENSG00000183309	ZNF623			-3.1705	0.0367											-3.9902	0.037			
9832	ENSG00000176049	JAKMIP2									-7.2124	0									
9851	ENSG00000198920	KIAA0753					-6.1913	0.0107									-4.7574	0.0125			
9910	ENSG00000152061	RABGAP1L			-4.6531	0.002	-5.4912	0.0209	-2.8725	0.0384	-5.226	0.0027			-7.8905	0.0025	-4.6735	0.014			
9918	ENSG00000010292	NCAPD2											-4.3732	0.0492							
9934	ENSG00000174944	P2RY14									26.66666667	0.0002							-3.6204	0.01	
9938	ENSG00000163219	ARHGAP25					-5.4923	0.0167							-8.7263	0.0014					
9953	ENSG00000125430	HS3ST3B1													12.10653753	0.0446					
9960	ENSG00000140455	USP3											-4.7279	0.04							
9962	ENSG00000089057	SLC23A2											-4.9236	0.0324	-5.0782	0.0304					
9966	ENSG00000181634	TNFSF15	10.77586207	0.0032	12.78772379	0.0006	33.55704698	0.0026	4.416961131	0.0319							18.14882033	0.0374	16.97792869	0.0001	
9988	ENSG00000135164	DMTF1					-4.7371	0.0407													
9990	ENSG00000140199	SLC12A6													-6.064	0.012	-3.9412	0.0369			
